Using pre-set license
Built from '2020.3/release' branch; Version is '2020.3.15f2 (6cf78cb77498) revision 7141260'; Using compiler version '192528614'; Build Type 'Release'
OS: 'Windows 10 Home Single Language; OS build 19044.1466; Version 2009; 64bit' Language: 'pt' Physical Memory: 4006 MB
BatchMode: 1, IsHumanControllingUs: 0, StartBugReporterOnCrash: 0, Is64bit: 1, IsPro: 0

 COMMAND LINE ARGUMENTS:
D:\Arquivos de Programas\Unity\2020.3.15f2\Editor\Unity.exe
-adb2
-batchMode
-noUpm
-name
AssetImportWorker3
-projectPath
D:/Meus Arquivos/Documents/Study/UFRJ/TCC/Github/simulation-2/simulation-2/Sims2
-logFile
Logs/AssetImportWorker3.log
-srvPort
65341
Successfully changed project path to: D:/Meus Arquivos/Documents/Study/UFRJ/TCC/Github/simulation-2/simulation-2/Sims2
D:/Meus Arquivos/Documents/Study/UFRJ/TCC/Github/simulation-2/simulation-2/Sims2
Using Asset Import Pipeline V2.
Refreshing native plugins compatible for Editor in 222.41 ms, found 3 plugins.
Preloading 0 native plugins for Editor in 0.00 ms.
Initialize engine version: 2020.3.15f2 (6cf78cb77498)
[Subsystems] Discovering subsystems at path D:/Arquivos de Programas/Unity/2020.3.15f2/Editor/Data/Resources/UnitySubsystems
[Subsystems] Discovering subsystems at path D:/Meus Arquivos/Documents/Study/UFRJ/TCC/Github/simulation-2/simulation-2/Sims2/Assets
GfxDevice: creating device client; threaded=0
Direct3D:
    Version:  Direct3D 11.0 [level 11.1]
    Renderer: Intel(R) HD Graphics 5500 (ID=0x1616)
    Vendor:   
    VRAM:     2003 MB
    Driver:   20.19.15.4835
Initialize mono
Mono path[0] = 'D:/Arquivos de Programas/Unity/2020.3.15f2/Editor/Data/Managed'
Mono path[1] = 'D:/Arquivos de Programas/Unity/2020.3.15f2/Editor/Data/MonoBleedingEdge/lib/mono/unityjit'
Mono config path = 'D:/Arquivos de Programas/Unity/2020.3.15f2/Editor/Data/MonoBleedingEdge/etc'
Using monoOptions --debugger-agent=transport=dt_socket,embedding=1,server=y,suspend=n,address=127.0.0.1:56592
Begin MonoManager ReloadAssembly
Registering precompiled unity dll's ...
Register platform support module: D:/Arquivos de Programas/Unity/2020.3.15f2/Editor/Data/PlaybackEngines/WebGLSupport/UnityEditor.WebGL.Extensions.dll
Register platform support module: D:/Arquivos de Programas/Unity/2020.3.15f2/Editor/Data/PlaybackEngines/WindowsStandaloneSupport/UnityEditor.WindowsStandalone.Extensions.dll
Registered in 0.002514 seconds.
Native extension for WindowsStandalone target not found
Native extension for WebGL target not found
Refreshing native plugins compatible for Editor in 87.15 ms, found 3 plugins.
Preloading 0 native plugins for Editor in 0.00 ms.
Mono: successfully reloaded assembly
- Completed reload, in  5.192 seconds
Domain Reload Profiling:
	ReloadAssembly (5192ms)
		BeginReloadAssembly (115ms)
			ExecutionOrderSort (0ms)
			DisableScriptedObjects (0ms)
			BackupInstance (0ms)
			ReleaseScriptingObjects (0ms)
			CreateAndSetChildDomain (1ms)
		EndReloadAssembly (840ms)
			LoadAssemblies (116ms)
			RebuildTransferFunctionScriptingTraits (0ms)
			SetupTypeCache (317ms)
			ReleaseScriptCaches (0ms)
			RebuildScriptCaches (57ms)
			SetupLoadedEditorAssemblies (331ms)
				LogAssemblyErrors (0ms)
				InitializePlatformSupportModulesInManaged (7ms)
				SetLoadedEditorAssemblies (0ms)
				RefreshPlugins (87ms)
				BeforeProcessingInitializeOnLoad (28ms)
				ProcessInitializeOnLoadAttributes (151ms)
				ProcessInitializeOnLoadMethodAttributes (57ms)
				AfterProcessingInitializeOnLoad (0ms)
				EditorAssembliesLoaded (0ms)
			ExecutionOrderSort2 (0ms)
			AwakeInstancesAfterBackupRestoration (0ms)
Platform modules already initialized, skipping
Registering precompiled user dll's ...
Registered in 0.004363 seconds.
Begin MonoManager ReloadAssembly
Native extension for WindowsStandalone target not found
Native extension for WebGL target not found
Refreshing native plugins compatible for Editor in 92.81 ms, found 3 plugins.
Preloading 0 native plugins for Editor in 0.00 ms.
Mono: successfully reloaded assembly
- Completed reload, in  3.175 seconds
Domain Reload Profiling:
	ReloadAssembly (3205ms)
		BeginReloadAssembly (327ms)
			ExecutionOrderSort (6ms)
			DisableScriptedObjects (12ms)
			BackupInstance (0ms)
			ReleaseScriptingObjects (0ms)
			CreateAndSetChildDomain (42ms)
		EndReloadAssembly (2758ms)
			LoadAssemblies (756ms)
			RebuildTransferFunctionScriptingTraits (0ms)
			SetupTypeCache (628ms)
			ReleaseScriptCaches (1ms)
			RebuildScriptCaches (109ms)
			SetupLoadedEditorAssemblies (960ms)
				LogAssemblyErrors (0ms)
				InitializePlatformSupportModulesInManaged (9ms)
				SetLoadedEditorAssemblies (0ms)
				RefreshPlugins (93ms)
				BeforeProcessingInitializeOnLoad (191ms)
				ProcessInitializeOnLoadAttributes (622ms)
				ProcessInitializeOnLoadMethodAttributes (40ms)
				AfterProcessingInitializeOnLoad (4ms)
				EditorAssembliesLoaded (0ms)
			ExecutionOrderSort2 (0ms)
			AwakeInstancesAfterBackupRestoration (10ms)
Platform modules already initialized, skipping
========================================================================
Worker process is ready to serve import requests
Launched and connected shader compiler UnityShaderCompiler.exe after 0.90 seconds
Refreshing native plugins compatible for Editor in 1.54 ms, found 3 plugins.
Preloading 0 native plugins for Editor in 0.00 ms.
Unloading 2113 Unused Serialized files (Serialized files now loaded: 0)
System memory in use before: 114.5 MB.
System memory in use after: 114.5 MB.

Unloading 31 unused Assets to reduce memory usage. Loaded Objects now: 2589.
Total: 4.422100 ms (FindLiveObjects: 0.302000 ms CreateObjectMapping: 0.168900 ms MarkObjects: 3.751800 ms  DeleteObjects: 0.198100 ms)

AssetImportParameters requested are different than current active one (requested -> active):
  custom:framework-win-MediaFoundation: 216162199b28c13a410421893ffa2e32 -> 
  custom:video-decoder-ogg-theora: a1e56fd34408186e4bbccfd4996cb3dc -> 
  custom:container-muxer-webm: aa71ff27fc2769a1b78a27578f13a17b -> 
  custom:container-demuxer-webm: 4f35f7cbe854078d1ac9338744f61a02 -> 
  custom:container-demuxer-ogg: 62fdf1f143b41e24485cea50d1cbac27 -> 
  custom:video-encoder-webm-vp8: eb34c28f22e8b96e1ab97ce403110664 -> 
  custom:video-decoder-webm-vp8: 9c59270c3fd7afecdb556c50c9e8de78 -> 
  custom:audio-decoder-ogg-vorbis: bf7c407c2cedff20999df2af8eb42d56 -> 
  custom:audio-encoder-webm-vorbis: bf7c407c2cedff20999df2af8eb42d56 -> 
========================================================================
Received Import Request.
  path: Assets/Scenes
  artifactKey: Guid(4ddb65dba67496247983773f86775f86) Importer(815301076,1909f56bfc062723c751e8b465ee728b)
Start importing Assets/Scenes using Guid(4ddb65dba67496247983773f86775f86) Importer(815301076,1909f56bfc062723c751e8b465ee728b)  -> (artifact id: '8188fe3be7148dbc22e947e001600f9f') in 0.258276 seconds 
  Import took 0.323142 seconds .

========================================================================
Received Import Request.
  Time since last request: 5.011003 seconds.
  path: Assets/Scenes
  artifactKey: Guid(4ddb65dba67496247983773f86775f86) Importer(815301076,1909f56bfc062723c751e8b465ee728b)
Start importing Assets/Scenes using Guid(4ddb65dba67496247983773f86775f86) Importer(815301076,1909f56bfc062723c751e8b465ee728b)  -> (artifact id: '8188fe3be7148dbc22e947e001600f9f') in 0.049192 seconds 
  Import took 0.054870 seconds .

========================================================================
Received Import Request.
  Time since last request: 80.899610 seconds.
  path: Assets/Scenes/Introduction.unity
  artifactKey: Guid(2cda990e2423bbf4892e6590ba056729) Importer(815301076,1909f56bfc062723c751e8b465ee728b)
Start importing Assets/Scenes/Introduction.unity using Guid(2cda990e2423bbf4892e6590ba056729) Importer(815301076,1909f56bfc062723c751e8b465ee728b)  -> (artifact id: '0241bc8ad078edce31818112b20cbb46') in 0.085998 seconds 
  Import took 0.147079 seconds .

========================================================================
Received Import Request.
  Time since last request: 36.705773 seconds.
  path: Assets/Scenes/Game.unity
  artifactKey: Guid(ca1493a10db95064ab00e8cdecc75659) Importer(815301076,1909f56bfc062723c751e8b465ee728b)
Start importing Assets/Scenes/Game.unity using Guid(ca1493a10db95064ab00e8cdecc75659) Importer(815301076,1909f56bfc062723c751e8b465ee728b)  -> (artifact id: '0e64d0eadb0732ce67ed7d466791f220') in 0.138192 seconds 
  Import took 0.216849 seconds .

========================================================================
Received Import Request.
  Time since last request: 152.584713 seconds.
  path: Assets/Scripts/IntroductionManager.cs
  artifactKey: Guid(0e55625badf359844b399fae83eb3040) Importer(815301076,1909f56bfc062723c751e8b465ee728b)
Start importing Assets/Scripts/IntroductionManager.cs using Guid(0e55625badf359844b399fae83eb3040) Importer(815301076,1909f56bfc062723c751e8b465ee728b)  -> (artifact id: '78b492300df62228f2110d14c42a7040') in 0.177351 seconds 
  Import took 0.218519 seconds .

========================================================================
Received Import Request.
  Time since last request: 12.468204 seconds.
  path: Assets/Scripts/GameManager.cs
  artifactKey: Guid(417d266ac6d1b7349915d908d6b0b79b) Importer(815301076,1909f56bfc062723c751e8b465ee728b)
Start importing Assets/Scripts/GameManager.cs using Guid(417d266ac6d1b7349915d908d6b0b79b) Importer(815301076,1909f56bfc062723c751e8b465ee728b)  -> (artifact id: '8ff64abcf7096964176aca45925e94e2') in 0.036036 seconds 
  Import took 0.044286 seconds .

========================================================================
Received Import Request.
  Time since last request: 0.041684 seconds.
  path: Assets/Scripts/GameManager.cs
  artifactKey: Guid(417d266ac6d1b7349915d908d6b0b79b) Importer(815301076,1909f56bfc062723c751e8b465ee728b)
Start importing Assets/Scripts/GameManager.cs using Guid(417d266ac6d1b7349915d908d6b0b79b) Importer(815301076,1909f56bfc062723c751e8b465ee728b)  -> (artifact id: '8ff64abcf7096964176aca45925e94e2') in 0.004247 seconds 
  Import took 0.025818 seconds .

========================================================================
Received Prepare
Registering precompiled user dll's ...
Registered in 0.051931 seconds.
Begin MonoManager ReloadAssembly
Native extension for WindowsStandalone target not found
Native extension for WebGL target not found
Refreshing native plugins compatible for Editor in 1.14 ms, found 3 plugins.
Preloading 0 native plugins for Editor in 0.00 ms.
Mono: successfully reloaded assembly
- Completed reload, in  2.060 seconds
Domain Reload Profiling:
	ReloadAssembly (2061ms)
		BeginReloadAssembly (194ms)
			ExecutionOrderSort (0ms)
			DisableScriptedObjects (10ms)
			BackupInstance (0ms)
			ReleaseScriptingObjects (0ms)
			CreateAndSetChildDomain (55ms)
		EndReloadAssembly (1759ms)
			LoadAssemblies (200ms)
			RebuildTransferFunctionScriptingTraits (0ms)
			SetupTypeCache (550ms)
			ReleaseScriptCaches (1ms)
			RebuildScriptCaches (125ms)
			SetupLoadedEditorAssemblies (624ms)
				LogAssemblyErrors (0ms)
				InitializePlatformSupportModulesInManaged (11ms)
				SetLoadedEditorAssemblies (1ms)
				RefreshPlugins (1ms)
				BeforeProcessingInitializeOnLoad (149ms)
				ProcessInitializeOnLoadAttributes (449ms)
				ProcessInitializeOnLoadMethodAttributes (8ms)
				AfterProcessingInitializeOnLoad (4ms)
				EditorAssembliesLoaded (0ms)
			ExecutionOrderSort2 (0ms)
			AwakeInstancesAfterBackupRestoration (18ms)
Platform modules already initialized, skipping
Refreshing native plugins compatible for Editor in 1.72 ms, found 3 plugins.
Preloading 0 native plugins for Editor in 0.00 ms.
Unloading 2103 Unused Serialized files (Serialized files now loaded: 0)
System memory in use before: 114.0 MB.
System memory in use after: 114.0 MB.

Unloading 20 unused Assets to reduce memory usage. Loaded Objects now: 2594.
Total: 11.027400 ms (FindLiveObjects: 0.492800 ms CreateObjectMapping: 0.223900 ms MarkObjects: 9.540900 ms  DeleteObjects: 0.766000 ms)

AssetImportParameters requested are different than current active one (requested -> active):
  custom:framework-win-MediaFoundation: 216162199b28c13a410421893ffa2e32 -> 
  custom:video-decoder-ogg-theora: a1e56fd34408186e4bbccfd4996cb3dc -> 
  custom:container-muxer-webm: aa71ff27fc2769a1b78a27578f13a17b -> 
  custom:container-demuxer-webm: 4f35f7cbe854078d1ac9338744f61a02 -> 
  custom:container-demuxer-ogg: 62fdf1f143b41e24485cea50d1cbac27 -> 
  custom:video-encoder-webm-vp8: eb34c28f22e8b96e1ab97ce403110664 -> 
  custom:video-decoder-webm-vp8: 9c59270c3fd7afecdb556c50c9e8de78 -> 
  custom:audio-decoder-ogg-vorbis: bf7c407c2cedff20999df2af8eb42d56 -> 
  custom:audio-encoder-webm-vorbis: bf7c407c2cedff20999df2af8eb42d56 -> 
========================================================================
Received Import Request.
  Time since last request: 96.929116 seconds.
  path: Assets/Scripts/GameModeManager.cs
  artifactKey: Guid(417d266ac6d1b7349915d908d6b0b79b) Importer(815301076,1909f56bfc062723c751e8b465ee728b)
Start importing Assets/Scripts/GameModeManager.cs using Guid(417d266ac6d1b7349915d908d6b0b79b) Importer(815301076,1909f56bfc062723c751e8b465ee728b)  -> (artifact id: 'bba98f79ad98760a066f3504fbac3d68') in 1.100608 seconds 
  Import took 1.880256 seconds .

========================================================================
Received Prepare
Registering precompiled user dll's ...
Registered in 0.559608 seconds.
Begin MonoManager ReloadAssembly
Native extension for WindowsStandalone target not found
Native extension for WebGL target not found
Refreshing native plugins compatible for Editor in 3.22 ms, found 3 plugins.
Preloading 0 native plugins for Editor in 0.00 ms.
Mono: successfully reloaded assembly
- Completed reload, in  4.821 seconds
Domain Reload Profiling:
	ReloadAssembly (4864ms)
		BeginReloadAssembly (1848ms)
			ExecutionOrderSort (0ms)
			DisableScriptedObjects (217ms)
			BackupInstance (0ms)
			ReleaseScriptingObjects (1ms)
			CreateAndSetChildDomain (1083ms)
		EndReloadAssembly (2837ms)
			LoadAssemblies (957ms)
			RebuildTransferFunctionScriptingTraits (2ms)
			SetupTypeCache (642ms)
			ReleaseScriptCaches (1ms)
			RebuildScriptCaches (71ms)
			SetupLoadedEditorAssemblies (822ms)
				LogAssemblyErrors (0ms)
				InitializePlatformSupportModulesInManaged (19ms)
				SetLoadedEditorAssemblies (2ms)
				RefreshPlugins (4ms)
				BeforeProcessingInitializeOnLoad (193ms)
				ProcessInitializeOnLoadAttributes (593ms)
				ProcessInitializeOnLoadMethodAttributes (8ms)
				AfterProcessingInitializeOnLoad (4ms)
				EditorAssembliesLoaded (0ms)
			ExecutionOrderSort2 (0ms)
			AwakeInstancesAfterBackupRestoration (19ms)
Platform modules already initialized, skipping
Refreshing native plugins compatible for Editor in 30.26 ms, found 3 plugins.
Preloading 0 native plugins for Editor in 0.00 ms.
Unloading 2103 Unused Serialized files (Serialized files now loaded: 0)
System memory in use before: 114.0 MB.
System memory in use after: 114.0 MB.

Unloading 20 unused Assets to reduce memory usage. Loaded Objects now: 2598.
Total: 586.669100 ms (FindLiveObjects: 71.131000 ms CreateObjectMapping: 0.541800 ms MarkObjects: 485.346000 ms  DeleteObjects: 29.642700 ms)

AssetImportParameters requested are different than current active one (requested -> active):
  custom:framework-win-MediaFoundation: 216162199b28c13a410421893ffa2e32 -> 
  custom:video-decoder-ogg-theora: a1e56fd34408186e4bbccfd4996cb3dc -> 
  custom:container-muxer-webm: aa71ff27fc2769a1b78a27578f13a17b -> 
  custom:container-demuxer-webm: 4f35f7cbe854078d1ac9338744f61a02 -> 
  custom:container-demuxer-ogg: 62fdf1f143b41e24485cea50d1cbac27 -> 
  custom:video-encoder-webm-vp8: eb34c28f22e8b96e1ab97ce403110664 -> 
  custom:video-decoder-webm-vp8: 9c59270c3fd7afecdb556c50c9e8de78 -> 
  custom:audio-decoder-ogg-vorbis: bf7c407c2cedff20999df2af8eb42d56 -> 
  custom:audio-encoder-webm-vorbis: bf7c407c2cedff20999df2af8eb42d56 -> 
========================================================================
Received Prepare
Registering precompiled user dll's ...
Registered in 0.493574 seconds.
Begin MonoManager ReloadAssembly
Native extension for WindowsStandalone target not found
Native extension for WebGL target not found
Refreshing native plugins compatible for Editor in 0.79 ms, found 3 plugins.
Preloading 0 native plugins for Editor in 0.00 ms.
Mono: successfully reloaded assembly
- Completed reload, in  2.704 seconds
Domain Reload Profiling:
	ReloadAssembly (2705ms)
		BeginReloadAssembly (224ms)
			ExecutionOrderSort (0ms)
			DisableScriptedObjects (28ms)
			BackupInstance (0ms)
			ReleaseScriptingObjects (1ms)
			CreateAndSetChildDomain (60ms)
		EndReloadAssembly (2384ms)
			LoadAssemblies (805ms)
			RebuildTransferFunctionScriptingTraits (0ms)
			SetupTypeCache (544ms)
			ReleaseScriptCaches (1ms)
			RebuildScriptCaches (80ms)
			SetupLoadedEditorAssemblies (673ms)
				LogAssemblyErrors (0ms)
				InitializePlatformSupportModulesInManaged (8ms)
				SetLoadedEditorAssemblies (1ms)
				RefreshPlugins (1ms)
				BeforeProcessingInitializeOnLoad (141ms)
				ProcessInitializeOnLoadAttributes (510ms)
				ProcessInitializeOnLoadMethodAttributes (9ms)
				AfterProcessingInitializeOnLoad (4ms)
				EditorAssembliesLoaded (0ms)
			ExecutionOrderSort2 (0ms)
			AwakeInstancesAfterBackupRestoration (17ms)
Platform modules already initialized, skipping
Refreshing native plugins compatible for Editor in 1.15 ms, found 3 plugins.
Preloading 0 native plugins for Editor in 0.00 ms.
Unloading 2103 Unused Serialized files (Serialized files now loaded: 0)
System memory in use before: 114.0 MB.
System memory in use after: 114.0 MB.

Unloading 20 unused Assets to reduce memory usage. Loaded Objects now: 2602.
Total: 4.523600 ms (FindLiveObjects: 0.297400 ms CreateObjectMapping: 0.165300 ms MarkObjects: 3.897900 ms  DeleteObjects: 0.161300 ms)

AssetImportParameters requested are different than current active one (requested -> active):
  custom:framework-win-MediaFoundation: 216162199b28c13a410421893ffa2e32 -> 
  custom:video-decoder-ogg-theora: a1e56fd34408186e4bbccfd4996cb3dc -> 
  custom:container-muxer-webm: aa71ff27fc2769a1b78a27578f13a17b -> 
  custom:container-demuxer-webm: 4f35f7cbe854078d1ac9338744f61a02 -> 
  custom:container-demuxer-ogg: 62fdf1f143b41e24485cea50d1cbac27 -> 
  custom:video-encoder-webm-vp8: eb34c28f22e8b96e1ab97ce403110664 -> 
  custom:video-decoder-webm-vp8: 9c59270c3fd7afecdb556c50c9e8de78 -> 
  custom:audio-decoder-ogg-vorbis: bf7c407c2cedff20999df2af8eb42d56 -> 
  custom:audio-encoder-webm-vorbis: bf7c407c2cedff20999df2af8eb42d56 -> 
========================================================================
Received Import Request.
  Time since last request: 132.726339 seconds.
  path: Assets/Scripts/GameModeManager.cs
  artifactKey: Guid(417d266ac6d1b7349915d908d6b0b79b) Importer(815301076,1909f56bfc062723c751e8b465ee728b)
Start importing Assets/Scripts/GameModeManager.cs using Guid(417d266ac6d1b7349915d908d6b0b79b) Importer(815301076,1909f56bfc062723c751e8b465ee728b)  -> (artifact id: '50778e9a5354c3fc80677584450e9e51') in 0.126064 seconds 
  Import took 0.197974 seconds .

========================================================================
Received Import Request.
  Time since last request: 69.791558 seconds.
  path: Assets/Scripts/GameManager.cs
  artifactKey: Guid(417d266ac6d1b7349915d908d6b0b79b) Importer(815301076,1909f56bfc062723c751e8b465ee728b)
Start importing Assets/Scripts/GameManager.cs using Guid(417d266ac6d1b7349915d908d6b0b79b) Importer(815301076,1909f56bfc062723c751e8b465ee728b)  -> (artifact id: '4aa333178a59ffaf02a5be60fb058587') in 0.010450 seconds 
  Import took 0.065776 seconds .

========================================================================
Received Import Request.
  Time since last request: 0.057453 seconds.
  path: Assets/Scripts/GameManager.cs
  artifactKey: Guid(417d266ac6d1b7349915d908d6b0b79b) Importer(815301076,1909f56bfc062723c751e8b465ee728b)
Start importing Assets/Scripts/GameManager.cs using Guid(417d266ac6d1b7349915d908d6b0b79b) Importer(815301076,1909f56bfc062723c751e8b465ee728b)  -> (artifact id: '4aa333178a59ffaf02a5be60fb058587') in 0.018995 seconds 
  Import took 0.032084 seconds .

========================================================================
Received Prepare
Registering precompiled user dll's ...
Registered in 0.244921 seconds.
Begin MonoManager ReloadAssembly
Native extension for WindowsStandalone target not found
Native extension for WebGL target not found
Refreshing native plugins compatible for Editor in 0.91 ms, found 3 plugins.
Preloading 0 native plugins for Editor in 0.00 ms.
Mono: successfully reloaded assembly
- Completed reload, in  4.828 seconds
Domain Reload Profiling:
	ReloadAssembly (4832ms)
		BeginReloadAssembly (338ms)
			ExecutionOrderSort (0ms)
			DisableScriptedObjects (27ms)
			BackupInstance (0ms)
			ReleaseScriptingObjects (0ms)
			CreateAndSetChildDomain (126ms)
		EndReloadAssembly (4373ms)
			LoadAssemblies (1254ms)
			RebuildTransferFunctionScriptingTraits (0ms)
			SetupTypeCache (968ms)
			ReleaseScriptCaches (6ms)
			RebuildScriptCaches (132ms)
			SetupLoadedEditorAssemblies (1490ms)
				LogAssemblyErrors (0ms)
				InitializePlatformSupportModulesInManaged (16ms)
				SetLoadedEditorAssemblies (1ms)
				RefreshPlugins (1ms)
				BeforeProcessingInitializeOnLoad (300ms)
				ProcessInitializeOnLoadAttributes (1159ms)
				ProcessInitializeOnLoadMethodAttributes (8ms)
				AfterProcessingInitializeOnLoad (4ms)
				EditorAssembliesLoaded (0ms)
			ExecutionOrderSort2 (0ms)
			AwakeInstancesAfterBackupRestoration (23ms)
Platform modules already initialized, skipping
Refreshing native plugins compatible for Editor in 2.75 ms, found 3 plugins.
Preloading 0 native plugins for Editor in 0.00 ms.
Unloading 2103 Unused Serialized files (Serialized files now loaded: 0)
System memory in use before: 114.0 MB.
System memory in use after: 114.1 MB.

Unloading 20 unused Assets to reduce memory usage. Loaded Objects now: 2606.
Total: 134.671500 ms (FindLiveObjects: 1.293000 ms CreateObjectMapping: 0.216400 ms MarkObjects: 127.693900 ms  DeleteObjects: 5.464300 ms)

AssetImportParameters requested are different than current active one (requested -> active):
  custom:framework-win-MediaFoundation: 216162199b28c13a410421893ffa2e32 -> 
  custom:video-decoder-ogg-theora: a1e56fd34408186e4bbccfd4996cb3dc -> 
  custom:container-muxer-webm: aa71ff27fc2769a1b78a27578f13a17b -> 
  custom:container-demuxer-webm: 4f35f7cbe854078d1ac9338744f61a02 -> 
  custom:container-demuxer-ogg: 62fdf1f143b41e24485cea50d1cbac27 -> 
  custom:video-encoder-webm-vp8: eb34c28f22e8b96e1ab97ce403110664 -> 
  custom:video-decoder-webm-vp8: 9c59270c3fd7afecdb556c50c9e8de78 -> 
  custom:audio-decoder-ogg-vorbis: bf7c407c2cedff20999df2af8eb42d56 -> 
  custom:audio-encoder-webm-vorbis: bf7c407c2cedff20999df2af8eb42d56 -> 
========================================================================
Received Import Request.
  Time since last request: 172.542839 seconds.
  path: Assets/Resources/3D Models/Vegetation/Orchid/Yellow/dcmap_orchid_yellow_21.jpg
  artifactKey: Guid(2b5e6be9464df874d8e797ee6e98535c) Importer(815301076,1909f56bfc062723c751e8b465ee728b)
Start importing Assets/Resources/3D Models/Vegetation/Orchid/Yellow/dcmap_orchid_yellow_21.jpg using Guid(2b5e6be9464df874d8e797ee6e98535c) Importer(815301076,1909f56bfc062723c751e8b465ee728b)  -> (artifact id: 'd114c31a1a4ca7387a481950f8427ba7') in 0.759135 seconds 
  Import took 0.853062 seconds .

========================================================================
Received Import Request.
  Time since last request: 0.000725 seconds.
  path: Assets/Resources/3D Models/Vegetation/Orchid/Yellow/dcmap_orchid_yellow_12_inv.jpg
  artifactKey: Guid(9a837a2519ef52f4fa3575076151537b) Importer(815301076,1909f56bfc062723c751e8b465ee728b)
Start importing Assets/Resources/3D Models/Vegetation/Orchid/Yellow/dcmap_orchid_yellow_12_inv.jpg using Guid(9a837a2519ef52f4fa3575076151537b) Importer(815301076,1909f56bfc062723c751e8b465ee728b)  -> (artifact id: '5137b5604e2dd27a2b753542d41cd8d7') in 0.096207 seconds 
  Import took 0.118953 seconds .

========================================================================
Received Import Request.
  Time since last request: 0.000354 seconds.
  path: Assets/Resources/3D Models/Vegetation/Orchid/Yellow/dcmap_orchid_yellow_20.jpg
  artifactKey: Guid(497a6d65ec127d04d991f65f380de0c7) Importer(815301076,1909f56bfc062723c751e8b465ee728b)
Start importing Assets/Resources/3D Models/Vegetation/Orchid/Yellow/dcmap_orchid_yellow_20.jpg using Guid(497a6d65ec127d04d991f65f380de0c7) Importer(815301076,1909f56bfc062723c751e8b465ee728b)  -> (artifact id: '8cc2c832a4a37b169cac8687bd3adb88') in 0.101672 seconds 
  Import took 0.121837 seconds .

========================================================================
Received Import Request.
  Time since last request: 0.000422 seconds.
  path: Assets/Resources/3D Models/Vegetation/Orchid/Yellow/dcmap_orchid_yellow_19.jpg
  artifactKey: Guid(2e241f780b72ecc4c8980da876bcf463) Importer(815301076,1909f56bfc062723c751e8b465ee728b)
Start importing Assets/Resources/3D Models/Vegetation/Orchid/Yellow/dcmap_orchid_yellow_19.jpg using Guid(2e241f780b72ecc4c8980da876bcf463) Importer(815301076,1909f56bfc062723c751e8b465ee728b)  -> (artifact id: 'a7c5644837b6f3c56afba92de1279f47') in 0.072967 seconds 
  Import took 0.103279 seconds .

========================================================================
Received Import Request.
  Time since last request: 0.000445 seconds.
  path: Assets/Resources/3D Models/Vegetation/Orchid/Yellow/dcmap_orchid_yellow_16.jpg
  artifactKey: Guid(7e26d29529398ef4ab25e78f1d813832) Importer(815301076,1909f56bfc062723c751e8b465ee728b)
Start importing Assets/Resources/3D Models/Vegetation/Orchid/Yellow/dcmap_orchid_yellow_16.jpg using Guid(7e26d29529398ef4ab25e78f1d813832) Importer(815301076,1909f56bfc062723c751e8b465ee728b)  -> (artifact id: '02611be91fd9b3840b32146e4d774a02') in 0.086706 seconds 
  Import took 0.105104 seconds .

========================================================================
Received Import Request.
  Time since last request: 0.000399 seconds.
  path: Assets/Resources/3D Models/Vegetation/Orchid/Yellow/dcmap_orchid_yellow_14.jpg
  artifactKey: Guid(5e890d1b33fc442469647e506a453c86) Importer(815301076,1909f56bfc062723c751e8b465ee728b)
Start importing Assets/Resources/3D Models/Vegetation/Orchid/Yellow/dcmap_orchid_yellow_14.jpg using Guid(5e890d1b33fc442469647e506a453c86) Importer(815301076,1909f56bfc062723c751e8b465ee728b)  -> (artifact id: '50521e8b4a4fe0e1339250eb45ecc22b') in 0.089490 seconds 
  Import took 0.109924 seconds .

========================================================================
Received Import Request.
  Time since last request: 0.000382 seconds.
  path: Assets/Resources/3D Models/Vegetation/Orchid/Yellow/dcmap_orchid_yellow_16.jpg
  artifactKey: Guid(7e26d29529398ef4ab25e78f1d813832) Importer(815301076,1909f56bfc062723c751e8b465ee728b)
Start importing Assets/Resources/3D Models/Vegetation/Orchid/Yellow/dcmap_orchid_yellow_16.jpg using Guid(7e26d29529398ef4ab25e78f1d813832) Importer(815301076,1909f56bfc062723c751e8b465ee728b)  -> (artifact id: '02611be91fd9b3840b32146e4d774a02') in 0.036700 seconds 
  Import took 0.051328 seconds .

========================================================================
Received Import Request.
  Time since last request: 0.000622 seconds.
  path: Assets/Resources/3D Models/Vegetation/Orchid/Yellow/dcmap_orchid_yellow_22.jpg
  artifactKey: Guid(8eacda92cffdcad47a1e67c5b80e3519) Importer(815301076,1909f56bfc062723c751e8b465ee728b)
Start importing Assets/Resources/3D Models/Vegetation/Orchid/Yellow/dcmap_orchid_yellow_22.jpg using Guid(8eacda92cffdcad47a1e67c5b80e3519) Importer(815301076,1909f56bfc062723c751e8b465ee728b)  -> (artifact id: '8614e72af4a14e42eff0b0f88f1bf6ba') in 0.083713 seconds 
  Import took 0.104895 seconds .

========================================================================
Received Import Request.
  Time since last request: 0.000922 seconds.
  path: Assets/Resources/3D Models/Vegetation/Orchid/Yellow/dcmap_orchid_yellow_9.jpg
  artifactKey: Guid(3aaf5e5b39e2833439e20d0918f8c9a0) Importer(815301076,1909f56bfc062723c751e8b465ee728b)
Start importing Assets/Resources/3D Models/Vegetation/Orchid/Yellow/dcmap_orchid_yellow_9.jpg using Guid(3aaf5e5b39e2833439e20d0918f8c9a0) Importer(815301076,1909f56bfc062723c751e8b465ee728b)  -> (artifact id: '8dcf8ebab515d4525e918f33be941529') in 0.122922 seconds 
  Import took 0.154553 seconds .

========================================================================
Received Import Request.
  Time since last request: 0.000420 seconds.
  path: Assets/Resources/3D Models/Vegetation/Orchid/Yellow/dcmap_orchid_yellow_11.jpg
  artifactKey: Guid(2f423d4e3f8d2d742b50c01c70079cae) Importer(815301076,1909f56bfc062723c751e8b465ee728b)
Start importing Assets/Resources/3D Models/Vegetation/Orchid/Yellow/dcmap_orchid_yellow_11.jpg using Guid(2f423d4e3f8d2d742b50c01c70079cae) Importer(815301076,1909f56bfc062723c751e8b465ee728b)  -> (artifact id: 'd12b90631fb6245d691da41945286d1d') in 0.079420 seconds 
  Import took 0.096580 seconds .

========================================================================
Received Import Request.
  Time since last request: 0.000330 seconds.
  path: Assets/Resources/3D Models/Vegetation/Orchid/Yellow/dcmap_orchid_yellow_15.jpg
  artifactKey: Guid(3d32841f6a5fccf41aecae92d264948e) Importer(815301076,1909f56bfc062723c751e8b465ee728b)
Start importing Assets/Resources/3D Models/Vegetation/Orchid/Yellow/dcmap_orchid_yellow_15.jpg using Guid(3d32841f6a5fccf41aecae92d264948e) Importer(815301076,1909f56bfc062723c751e8b465ee728b)  -> (artifact id: '1a23555af174c3f2287959584d2835e7') in 0.075553 seconds 
  Import took 0.098917 seconds .

========================================================================
Received Import Request.
  Time since last request: 0.000340 seconds.
  path: Assets/Resources/3D Models/Vegetation/Orchid/Yellow/dcmap_orchid_yellow_12.jpg
  artifactKey: Guid(645c124798907dc419b266dcf58c079c) Importer(815301076,1909f56bfc062723c751e8b465ee728b)
Start importing Assets/Resources/3D Models/Vegetation/Orchid/Yellow/dcmap_orchid_yellow_12.jpg using Guid(645c124798907dc419b266dcf58c079c) Importer(815301076,1909f56bfc062723c751e8b465ee728b)  -> (artifact id: '24dc68f2e3f1fe112b179d145ddeadd5') in 0.071147 seconds 
  Import took 0.088283 seconds .

========================================================================
Received Import Request.
  Time since last request: 0.000337 seconds.
  path: Assets/Resources/3D Models/Vegetation/Orchid/Yellow/dcmap_orchid_yellow_25.jpg
  artifactKey: Guid(c6d2d031c3daa4e409ef70c63ea13fa4) Importer(815301076,1909f56bfc062723c751e8b465ee728b)
Start importing Assets/Resources/3D Models/Vegetation/Orchid/Yellow/dcmap_orchid_yellow_25.jpg using Guid(c6d2d031c3daa4e409ef70c63ea13fa4) Importer(815301076,1909f56bfc062723c751e8b465ee728b)  -> (artifact id: 'd54413613374a39bbac307bc76c092d3') in 0.132078 seconds 
  Import took 0.152097 seconds .

========================================================================
Received Import Request.
  Time since last request: 0.000507 seconds.
  path: Assets/Resources/3D Models/Vegetation/Orchid/Yellow/dcmap_orchid_yellow_18.jpg
  artifactKey: Guid(2c9bb87a791b04a4aae1c374c3a22f57) Importer(815301076,1909f56bfc062723c751e8b465ee728b)
Start importing Assets/Resources/3D Models/Vegetation/Orchid/Yellow/dcmap_orchid_yellow_18.jpg using Guid(2c9bb87a791b04a4aae1c374c3a22f57) Importer(815301076,1909f56bfc062723c751e8b465ee728b)  -> (artifact id: '57c4ca50d1413959695834e28dc87b41') in 0.107439 seconds 
  Import took 0.134661 seconds .

========================================================================
Received Import Request.
  Time since last request: 0.000376 seconds.
  path: Assets/Resources/3D Models/Vegetation/Orchid/Yellow/dcmap_orchid_yellow_13_inv.jpg
  artifactKey: Guid(ae6a0589bfd882f42a96ec60ecffd440) Importer(815301076,1909f56bfc062723c751e8b465ee728b)
Start importing Assets/Resources/3D Models/Vegetation/Orchid/Yellow/dcmap_orchid_yellow_13_inv.jpg using Guid(ae6a0589bfd882f42a96ec60ecffd440) Importer(815301076,1909f56bfc062723c751e8b465ee728b)  -> (artifact id: '2d63917ae229e9110936728d221c16bb') in 0.181556 seconds 
  Import took 0.213900 seconds .

========================================================================
Received Import Request.
  Time since last request: 0.000549 seconds.
  path: Assets/Resources/3D Models/Vegetation/Orchid/Yellow/dcmap_orchid_yellow_24.jpg
  artifactKey: Guid(dae291ef218274c4f842f2c6131482af) Importer(815301076,1909f56bfc062723c751e8b465ee728b)
Start importing Assets/Resources/3D Models/Vegetation/Orchid/Yellow/dcmap_orchid_yellow_24.jpg using Guid(dae291ef218274c4f842f2c6131482af) Importer(815301076,1909f56bfc062723c751e8b465ee728b)  -> (artifact id: '00eab36d98dfb7a8b4a01da1eaf43fe1') in 0.155603 seconds 
  Import took 0.175174 seconds .

========================================================================
Received Import Request.
  Time since last request: 0.000404 seconds.
  path: Assets/Resources/3D Models/Vegetation/Orchid/Yellow/dcmap_orchid_yellow_13.jpg
  artifactKey: Guid(070a7d62fddf82a43b3fd6d2544d65e2) Importer(815301076,1909f56bfc062723c751e8b465ee728b)
Start importing Assets/Resources/3D Models/Vegetation/Orchid/Yellow/dcmap_orchid_yellow_13.jpg using Guid(070a7d62fddf82a43b3fd6d2544d65e2) Importer(815301076,1909f56bfc062723c751e8b465ee728b)  -> (artifact id: '4dbe74938abd9498ef42a52bb2cc18a8') in 0.098866 seconds 
  Import took 0.114003 seconds .

========================================================================
Received Import Request.
  Time since last request: 0.000413 seconds.
  path: Assets/Resources/3D Models/Vegetation/Orchid/Yellow/dcmap_orchid_yellow_10.jpg
  artifactKey: Guid(4aeb127f4cb47a2409fdda870b140ab5) Importer(815301076,1909f56bfc062723c751e8b465ee728b)
Start importing Assets/Resources/3D Models/Vegetation/Orchid/Yellow/dcmap_orchid_yellow_10.jpg using Guid(4aeb127f4cb47a2409fdda870b140ab5) Importer(815301076,1909f56bfc062723c751e8b465ee728b)  -> (artifact id: '6599efe4a25e06281bebb15236e5504d') in 0.096084 seconds 
  Import took 0.114154 seconds .

========================================================================
Received Import Request.
  Time since last request: 0.000880 seconds.
  path: Assets/Resources/3D Models/Vegetation/Orchid/Yellow/dcmap_orchid_yellow_17.jpg
  artifactKey: Guid(003eb39e70a87f34893412fc085b2a68) Importer(815301076,1909f56bfc062723c751e8b465ee728b)
Start importing Assets/Resources/3D Models/Vegetation/Orchid/Yellow/dcmap_orchid_yellow_17.jpg using Guid(003eb39e70a87f34893412fc085b2a68) Importer(815301076,1909f56bfc062723c751e8b465ee728b)  -> (artifact id: 'a2af52cd49bcdefea2d770ca6fb5ee84') in 0.092399 seconds 
  Import took 0.106331 seconds .

========================================================================
Received Import Request.
  Time since last request: 0.000452 seconds.
  path: Assets/Resources/3D Models/Vegetation/Orchid/Yellow/dcmap_orchid_yellow_23.jpg
  artifactKey: Guid(49acec30b2a67ff4cb4da20a1d8edfb9) Importer(815301076,1909f56bfc062723c751e8b465ee728b)
Start importing Assets/Resources/3D Models/Vegetation/Orchid/Yellow/dcmap_orchid_yellow_23.jpg using Guid(49acec30b2a67ff4cb4da20a1d8edfb9) Importer(815301076,1909f56bfc062723c751e8b465ee728b)  -> (artifact id: 'e7a646f7aa9f2917ae22f6c9a53c2302') in 0.071414 seconds 
  Import took 0.084661 seconds .

========================================================================
Received Import Request.
  Time since last request: 0.000447 seconds.
  path: Assets/Resources/3D Models/Vegetation/Orchid/Yellow/dcmap_orchid_yellow_11_inv.jpg
  artifactKey: Guid(68df8633907708a4bb38ee655a849940) Importer(815301076,1909f56bfc062723c751e8b465ee728b)
Start importing Assets/Resources/3D Models/Vegetation/Orchid/Yellow/dcmap_orchid_yellow_11_inv.jpg using Guid(68df8633907708a4bb38ee655a849940) Importer(815301076,1909f56bfc062723c751e8b465ee728b)  -> (artifact id: 'd6570dcdff5c4bb20b07c77fc25e4f17') in 0.119697 seconds 
  Import took 0.136047 seconds .

========================================================================
Received Prepare
Registering precompiled user dll's ...
Registered in 0.216943 seconds.
Begin MonoManager ReloadAssembly
Native extension for WindowsStandalone target not found
Native extension for WebGL target not found
Refreshing native plugins compatible for Editor in 6.33 ms, found 3 plugins.
Preloading 0 native plugins for Editor in 0.00 ms.
Mono: successfully reloaded assembly
- Completed reload, in 27.337 seconds
Domain Reload Profiling:
	ReloadAssembly (27411ms)
		BeginReloadAssembly (2905ms)
			ExecutionOrderSort (2ms)
			DisableScriptedObjects (304ms)
			BackupInstance (0ms)
			ReleaseScriptingObjects (3ms)
			CreateAndSetChildDomain (1674ms)
		EndReloadAssembly (21707ms)
			LoadAssemblies (2631ms)
			RebuildTransferFunctionScriptingTraits (37ms)
			SetupTypeCache (6541ms)
			ReleaseScriptCaches (57ms)
			RebuildScriptCaches (1139ms)
			SetupLoadedEditorAssemblies (7957ms)
				LogAssemblyErrors (0ms)
				InitializePlatformSupportModulesInManaged (163ms)
				SetLoadedEditorAssemblies (21ms)
				RefreshPlugins (11ms)
				BeforeProcessingInitializeOnLoad (1662ms)
				ProcessInitializeOnLoadAttributes (5980ms)
				ProcessInitializeOnLoadMethodAttributes (74ms)
				AfterProcessingInitializeOnLoad (32ms)
				EditorAssembliesLoaded (15ms)
			ExecutionOrderSort2 (0ms)
			AwakeInstancesAfterBackupRestoration (234ms)
Platform modules already initialized, skipping
Refreshing native plugins compatible for Editor in 4.42 ms, found 3 plugins.
Preloading 0 native plugins for Editor in 0.00 ms.
Unloading 2103 Unused Serialized files (Serialized files now loaded: 0)
System memory in use before: 117.0 MB.
System memory in use after: 117.0 MB.

Unloading 20 unused Assets to reduce memory usage. Loaded Objects now: 2634.
Total: 128.534200 ms (FindLiveObjects: 0.508100 ms CreateObjectMapping: 0.147300 ms MarkObjects: 122.425700 ms  DeleteObjects: 5.444900 ms)

AssetImportParameters requested are different than current active one (requested -> active):
  custom:framework-win-MediaFoundation: 216162199b28c13a410421893ffa2e32 -> 
  custom:video-decoder-ogg-theora: a1e56fd34408186e4bbccfd4996cb3dc -> 
  custom:container-muxer-webm: aa71ff27fc2769a1b78a27578f13a17b -> 
  custom:container-demuxer-webm: 4f35f7cbe854078d1ac9338744f61a02 -> 
  custom:container-demuxer-ogg: 62fdf1f143b41e24485cea50d1cbac27 -> 
  custom:video-encoder-webm-vp8: eb34c28f22e8b96e1ab97ce403110664 -> 
  custom:video-decoder-webm-vp8: 9c59270c3fd7afecdb556c50c9e8de78 -> 
  custom:audio-decoder-ogg-vorbis: bf7c407c2cedff20999df2af8eb42d56 -> 
  custom:audio-encoder-webm-vorbis: bf7c407c2cedff20999df2af8eb42d56 -> 
========================================================================
Received Import Request.
  Time since last request: 479.203719 seconds.
  path: Assets/Scenes/Game.unity
  artifactKey: Guid(ca1493a10db95064ab00e8cdecc75659) Importer(815301076,1909f56bfc062723c751e8b465ee728b)
Start importing Assets/Scenes/Game.unity using Guid(ca1493a10db95064ab00e8cdecc75659) Importer(815301076,1909f56bfc062723c751e8b465ee728b)  -> (artifact id: '59ad5ddd2626ab2b78773010e21734bc') in 0.253058 seconds 
  Import took 0.308018 seconds .

========================================================================
Received Import Request.
  Time since last request: 637.889567 seconds.
  path: Assets/Resources/UI Components/Header_GameBtn_On.png
  artifactKey: Guid(0ba078d177afa8d4a82497c74301651f) Importer(815301076,1909f56bfc062723c751e8b465ee728b)
Start importing Assets/Resources/UI Components/Header_GameBtn_On.png using Guid(0ba078d177afa8d4a82497c74301651f) Importer(815301076,1909f56bfc062723c751e8b465ee728b)  -> (artifact id: 'adbfcf85512da94d61d32ebd7c4fa1a6') in 2.324581 seconds 
  Import took 2.948546 seconds .

========================================================================
Received Import Request.
  Time since last request: 0.012481 seconds.
  path: Assets/Resources/UI Components/Header_LabBtn_Off.png
  artifactKey: Guid(6c5be64706aa139418dcdcd696a97c30) Importer(815301076,1909f56bfc062723c751e8b465ee728b)
Start importing Assets/Resources/UI Components/Header_LabBtn_Off.png using Guid(6c5be64706aa139418dcdcd696a97c30) Importer(815301076,1909f56bfc062723c751e8b465ee728b)  -> (artifact id: 'dbcf75d66949b00d8bd40ad340c1fc30') in 0.131768 seconds 
  Import took 0.166237 seconds .

========================================================================
Received Prepare
Registering precompiled user dll's ...
Registered in 0.195994 seconds.
Begin MonoManager ReloadAssembly
Native extension for WindowsStandalone target not found
Native extension for WebGL target not found
Refreshing native plugins compatible for Editor in 1.41 ms, found 3 plugins.
Preloading 0 native plugins for Editor in 0.00 ms.
Mono: successfully reloaded assembly
- Completed reload, in  4.042 seconds
Domain Reload Profiling:
	ReloadAssembly (4055ms)
		BeginReloadAssembly (1042ms)
			ExecutionOrderSort (0ms)
			DisableScriptedObjects (114ms)
			BackupInstance (0ms)
			ReleaseScriptingObjects (1ms)
			CreateAndSetChildDomain (707ms)
		EndReloadAssembly (2899ms)
			LoadAssemblies (910ms)
			RebuildTransferFunctionScriptingTraits (1ms)
			SetupTypeCache (780ms)
			ReleaseScriptCaches (11ms)
			RebuildScriptCaches (73ms)
			SetupLoadedEditorAssemblies (813ms)
				LogAssemblyErrors (0ms)
				InitializePlatformSupportModulesInManaged (12ms)
				SetLoadedEditorAssemblies (2ms)
				RefreshPlugins (2ms)
				BeforeProcessingInitializeOnLoad (143ms)
				ProcessInitializeOnLoadAttributes (643ms)
				ProcessInitializeOnLoadMethodAttributes (8ms)
				AfterProcessingInitializeOnLoad (4ms)
				EditorAssembliesLoaded (0ms)
			ExecutionOrderSort2 (0ms)
			AwakeInstancesAfterBackupRestoration (20ms)
Platform modules already initialized, skipping
Refreshing native plugins compatible for Editor in 1.41 ms, found 3 plugins.
Preloading 0 native plugins for Editor in 0.00 ms.
Unloading 2103 Unused Serialized files (Serialized files now loaded: 0)
System memory in use before: 117.0 MB.
System memory in use after: 117.0 MB.

Unloading 20 unused Assets to reduce memory usage. Loaded Objects now: 2641.
Total: 5.394800 ms (FindLiveObjects: 0.294900 ms CreateObjectMapping: 0.127100 ms MarkObjects: 4.800700 ms  DeleteObjects: 0.170100 ms)

AssetImportParameters requested are different than current active one (requested -> active):
  custom:framework-win-MediaFoundation: 216162199b28c13a410421893ffa2e32 -> 
  custom:video-decoder-ogg-theora: a1e56fd34408186e4bbccfd4996cb3dc -> 
  custom:container-muxer-webm: aa71ff27fc2769a1b78a27578f13a17b -> 
  custom:container-demuxer-webm: 4f35f7cbe854078d1ac9338744f61a02 -> 
  custom:container-demuxer-ogg: 62fdf1f143b41e24485cea50d1cbac27 -> 
  custom:video-encoder-webm-vp8: eb34c28f22e8b96e1ab97ce403110664 -> 
  custom:video-decoder-webm-vp8: 9c59270c3fd7afecdb556c50c9e8de78 -> 
  custom:audio-decoder-ogg-vorbis: bf7c407c2cedff20999df2af8eb42d56 -> 
  custom:audio-encoder-webm-vorbis: bf7c407c2cedff20999df2af8eb42d56 -> 
========================================================================
Received Prepare
Registering precompiled user dll's ...
Registered in 0.907229 seconds.
Begin MonoManager ReloadAssembly
Native extension for WindowsStandalone target not found
Native extension for WebGL target not found
Refreshing native plugins compatible for Editor in 0.88 ms, found 3 plugins.
Preloading 0 native plugins for Editor in 0.00 ms.
Mono: successfully reloaded assembly
- Completed reload, in  4.347 seconds
Domain Reload Profiling:
	ReloadAssembly (4402ms)
		BeginReloadAssembly (1335ms)
			ExecutionOrderSort (0ms)
			DisableScriptedObjects (193ms)
			BackupInstance (0ms)
			ReleaseScriptingObjects (4ms)
			CreateAndSetChildDomain (622ms)
		EndReloadAssembly (2897ms)
			LoadAssemblies (1092ms)
			RebuildTransferFunctionScriptingTraits (6ms)
			SetupTypeCache (569ms)
			ReleaseScriptCaches (11ms)
			RebuildScriptCaches (75ms)
			SetupLoadedEditorAssemblies (956ms)
				LogAssemblyErrors (0ms)
				InitializePlatformSupportModulesInManaged (14ms)
				SetLoadedEditorAssemblies (1ms)
				RefreshPlugins (1ms)
				BeforeProcessingInitializeOnLoad (260ms)
				ProcessInitializeOnLoadAttributes (668ms)
				ProcessInitializeOnLoadMethodAttributes (8ms)
				AfterProcessingInitializeOnLoad (3ms)
				EditorAssembliesLoaded (0ms)
			ExecutionOrderSort2 (0ms)
			AwakeInstancesAfterBackupRestoration (18ms)
Platform modules already initialized, skipping
Refreshing native plugins compatible for Editor in 1.95 ms, found 3 plugins.
Preloading 0 native plugins for Editor in 0.00 ms.
Unloading 2103 Unused Serialized files (Serialized files now loaded: 0)
System memory in use before: 117.0 MB.
System memory in use after: 117.1 MB.

Unloading 20 unused Assets to reduce memory usage. Loaded Objects now: 2645.
Total: 8.466900 ms (FindLiveObjects: 0.449200 ms CreateObjectMapping: 0.174900 ms MarkObjects: 6.844500 ms  DeleteObjects: 0.993600 ms)

AssetImportParameters requested are different than current active one (requested -> active):
  custom:framework-win-MediaFoundation: 216162199b28c13a410421893ffa2e32 -> 
  custom:video-decoder-ogg-theora: a1e56fd34408186e4bbccfd4996cb3dc -> 
  custom:container-muxer-webm: aa71ff27fc2769a1b78a27578f13a17b -> 
  custom:container-demuxer-webm: 4f35f7cbe854078d1ac9338744f61a02 -> 
  custom:container-demuxer-ogg: 62fdf1f143b41e24485cea50d1cbac27 -> 
  custom:video-encoder-webm-vp8: eb34c28f22e8b96e1ab97ce403110664 -> 
  custom:video-decoder-webm-vp8: 9c59270c3fd7afecdb556c50c9e8de78 -> 
  custom:audio-decoder-ogg-vorbis: bf7c407c2cedff20999df2af8eb42d56 -> 
  custom:audio-encoder-webm-vorbis: bf7c407c2cedff20999df2af8eb42d56 -> 
AssetImportWorkerClient::OnTransportError - code=2 error=End of file
