Using pre-set license
Built from '2020.3/release' branch; Version is '2020.3.15f2 (6cf78cb77498) revision 7141260'; Using compiler version '192528614'; Build Type 'Release'
OS: 'Windows 10 Home Single Language; OS build 19042.1466; Version 2009; 64bit' Language: 'pt' Physical Memory: 4006 MB
BatchMode: 1, IsHumanControllingUs: 0, StartBugReporterOnCrash: 0, Is64bit: 1, IsPro: 0

 COMMAND LINE ARGUMENTS:
D:\Arquivos de Programas\Unity\2020.3.15f2\Editor\Unity.exe
-adb2
-batchMode
-noUpm
-name
AssetImportWorker5
-projectPath
D:/Meus Arquivos/Documents/Study/UFRJ/TCC/Github/simulation-2/simulation-2/Sims2
-logFile
Logs/AssetImportWorker5.log
-srvPort
64938
Successfully changed project path to: D:/Meus Arquivos/Documents/Study/UFRJ/TCC/Github/simulation-2/simulation-2/Sims2
D:/Meus Arquivos/Documents/Study/UFRJ/TCC/Github/simulation-2/simulation-2/Sims2
Using Asset Import Pipeline V2.
Refreshing native plugins compatible for Editor in 200.95 ms, found 3 plugins.
Preloading 0 native plugins for Editor in 0.00 ms.
Initialize engine version: 2020.3.15f2 (6cf78cb77498)
[Subsystems] Discovering subsystems at path D:/Arquivos de Programas/Unity/2020.3.15f2/Editor/Data/Resources/UnitySubsystems
[Subsystems] Discovering subsystems at path D:/Meus Arquivos/Documents/Study/UFRJ/TCC/Github/simulation-2/simulation-2/Sims2/Assets
GfxDevice: creating device client; threaded=0
Direct3D:
    Version:  Direct3D 11.0 [level 11.1]
    Renderer: Intel(R) HD Graphics 5500 (ID=0x1616)
    Vendor:   
    VRAM:     2003 MB
    Driver:   20.19.15.4835
Initialize mono
Mono path[0] = 'D:/Arquivos de Programas/Unity/2020.3.15f2/Editor/Data/Managed'
Mono path[1] = 'D:/Arquivos de Programas/Unity/2020.3.15f2/Editor/Data/MonoBleedingEdge/lib/mono/unityjit'
Mono config path = 'D:/Arquivos de Programas/Unity/2020.3.15f2/Editor/Data/MonoBleedingEdge/etc'
Using monoOptions --debugger-agent=transport=dt_socket,embedding=1,server=y,suspend=n,address=127.0.0.1:56664
Begin MonoManager ReloadAssembly
Registering precompiled unity dll's ...
Register platform support module: D:/Arquivos de Programas/Unity/2020.3.15f2/Editor/Data/PlaybackEngines/WebGLSupport/UnityEditor.WebGL.Extensions.dll
Register platform support module: D:/Arquivos de Programas/Unity/2020.3.15f2/Editor/Data/PlaybackEngines/WindowsStandaloneSupport/UnityEditor.WindowsStandalone.Extensions.dll
Registered in 0.002082 seconds.
Native extension for WindowsStandalone target not found
Native extension for WebGL target not found
Refreshing native plugins compatible for Editor in 116.96 ms, found 3 plugins.
Preloading 0 native plugins for Editor in 0.00 ms.
Mono: successfully reloaded assembly
- Completed reload, in  4.139 seconds
Domain Reload Profiling:
	ReloadAssembly (4139ms)
		BeginReloadAssembly (172ms)
			ExecutionOrderSort (0ms)
			DisableScriptedObjects (0ms)
			BackupInstance (0ms)
			ReleaseScriptingObjects (0ms)
			CreateAndSetChildDomain (1ms)
		EndReloadAssembly (1127ms)
			LoadAssemblies (171ms)
			RebuildTransferFunctionScriptingTraits (0ms)
			SetupTypeCache (496ms)
			ReleaseScriptCaches (0ms)
			RebuildScriptCaches (152ms)
			SetupLoadedEditorAssemblies (339ms)
				LogAssemblyErrors (0ms)
				InitializePlatformSupportModulesInManaged (17ms)
				SetLoadedEditorAssemblies (1ms)
				RefreshPlugins (117ms)
				BeforeProcessingInitializeOnLoad (21ms)
				ProcessInitializeOnLoadAttributes (133ms)
				ProcessInitializeOnLoadMethodAttributes (49ms)
				AfterProcessingInitializeOnLoad (0ms)
				EditorAssembliesLoaded (0ms)
			ExecutionOrderSort2 (0ms)
			AwakeInstancesAfterBackupRestoration (0ms)
Platform modules already initialized, skipping
Registering precompiled user dll's ...
Registered in 0.005233 seconds.
Begin MonoManager ReloadAssembly
Native extension for WindowsStandalone target not found
Native extension for WebGL target not found
Refreshing native plugins compatible for Editor in 70.31 ms, found 3 plugins.
Preloading 0 native plugins for Editor in 0.00 ms.
Mono: successfully reloaded assembly
- Completed reload, in  4.291 seconds
Domain Reload Profiling:
	ReloadAssembly (4311ms)
		BeginReloadAssembly (298ms)
			ExecutionOrderSort (0ms)
			DisableScriptedObjects (7ms)
			BackupInstance (0ms)
			ReleaseScriptingObjects (0ms)
			CreateAndSetChildDomain (32ms)
		EndReloadAssembly (3927ms)
			LoadAssemblies (202ms)
			RebuildTransferFunctionScriptingTraits (0ms)
			SetupTypeCache (849ms)
			ReleaseScriptCaches (1ms)
			RebuildScriptCaches (74ms)
			SetupLoadedEditorAssemblies (2495ms)
				LogAssemblyErrors (0ms)
				InitializePlatformSupportModulesInManaged (6ms)
				SetLoadedEditorAssemblies (0ms)
				RefreshPlugins (70ms)
				BeforeProcessingInitializeOnLoad (247ms)
				ProcessInitializeOnLoadAttributes (2047ms)
				ProcessInitializeOnLoadMethodAttributes (120ms)
				AfterProcessingInitializeOnLoad (4ms)
				EditorAssembliesLoaded (0ms)
			ExecutionOrderSort2 (0ms)
			AwakeInstancesAfterBackupRestoration (10ms)
Platform modules already initialized, skipping
========================================================================
Worker process is ready to serve import requests
Launched and connected shader compiler UnityShaderCompiler.exe after 0.60 seconds
Refreshing native plugins compatible for Editor in 1.78 ms, found 3 plugins.
Preloading 0 native plugins for Editor in 0.00 ms.
Unloading 2112 Unused Serialized files (Serialized files now loaded: 0)
System memory in use before: 114.3 MB.
System memory in use after: 114.4 MB.

Unloading 31 unused Assets to reduce memory usage. Loaded Objects now: 2588.
Total: 123.879000 ms (FindLiveObjects: 0.371400 ms CreateObjectMapping: 0.195200 ms MarkObjects: 117.788300 ms  DeleteObjects: 5.519500 ms)

AssetImportParameters requested are different than current active one (requested -> active):
  custom:framework-win-MediaFoundation: 216162199b28c13a410421893ffa2e32 -> 
  custom:video-decoder-ogg-theora: a1e56fd34408186e4bbccfd4996cb3dc -> 
  custom:container-muxer-webm: aa71ff27fc2769a1b78a27578f13a17b -> 
  custom:container-demuxer-webm: 4f35f7cbe854078d1ac9338744f61a02 -> 
  custom:container-demuxer-ogg: 62fdf1f143b41e24485cea50d1cbac27 -> 
  custom:video-encoder-webm-vp8: eb34c28f22e8b96e1ab97ce403110664 -> 
  custom:video-decoder-webm-vp8: 9c59270c3fd7afecdb556c50c9e8de78 -> 
  custom:audio-decoder-ogg-vorbis: bf7c407c2cedff20999df2af8eb42d56 -> 
  custom:audio-encoder-webm-vorbis: bf7c407c2cedff20999df2af8eb42d56 -> 
========================================================================
Received Import Request.
  path: Assets/Resources/UI Components/ControlPanel_Slider_Track.png
  artifactKey: Guid(ccdd7c95a4fccf14db3906280b267469) Importer(815301076,1909f56bfc062723c751e8b465ee728b)
Start importing Assets/Resources/UI Components/ControlPanel_Slider_Track.png using Guid(ccdd7c95a4fccf14db3906280b267469) Importer(815301076,1909f56bfc062723c751e8b465ee728b)  -> (artifact id: '3f7496ec1226696fc8b380a66d533b10') in 0.863868 seconds 
  Import took 0.934292 seconds .

========================================================================
Received Import Request.
  Time since last request: 0.009940 seconds.
  path: Assets/Resources/UI Components/ControlPanel_Plant4Option_Normal.png
  artifactKey: Guid(9f00e8ae198ae264eb4c5bb9f205e9bc) Importer(815301076,1909f56bfc062723c751e8b465ee728b)
Start importing Assets/Resources/UI Components/ControlPanel_Plant4Option_Normal.png using Guid(9f00e8ae198ae264eb4c5bb9f205e9bc) Importer(815301076,1909f56bfc062723c751e8b465ee728b)  -> (artifact id: '1dbb1387b62265a318c0b242f3aad33e') in 0.105756 seconds 
  Import took 0.135582 seconds .

========================================================================
Received Import Request.
  Time since last request: 0.001169 seconds.
  path: Assets/Resources/UI Components/ControlsPanel_Grass3Option_Selected.png
  artifactKey: Guid(f74ba8340f1232a459c101340cbe2f29) Importer(815301076,1909f56bfc062723c751e8b465ee728b)
Start importing Assets/Resources/UI Components/ControlsPanel_Grass3Option_Selected.png using Guid(f74ba8340f1232a459c101340cbe2f29) Importer(815301076,1909f56bfc062723c751e8b465ee728b)  -> (artifact id: 'eeb8d9ee9327900b2c7600f08a040949') in 0.065293 seconds 
  Import took 0.083821 seconds .

========================================================================
Received Import Request.
  Time since last request: 0.001418 seconds.
  path: Assets/Resources/UI Components/ControlPanel_Plant8Option_Normal.png
  artifactKey: Guid(014fd1944557db646bd7b93989492ba7) Importer(815301076,1909f56bfc062723c751e8b465ee728b)
Start importing Assets/Resources/UI Components/ControlPanel_Plant8Option_Normal.png using Guid(014fd1944557db646bd7b93989492ba7) Importer(815301076,1909f56bfc062723c751e8b465ee728b)  -> (artifact id: 'fcc30e9c310ab6f07d997265454c0cca') in 0.061569 seconds 
  Import took 0.090734 seconds .

========================================================================
Received Import Request.
  Time since last request: 0.000402 seconds.
  path: Assets/Resources/UI Components/ControlsPanel_Gravel1Option_Selected.png
  artifactKey: Guid(4f385c7601954fe40a08a9f765904abc) Importer(815301076,1909f56bfc062723c751e8b465ee728b)
Start importing Assets/Resources/UI Components/ControlsPanel_Gravel1Option_Selected.png using Guid(4f385c7601954fe40a08a9f765904abc) Importer(815301076,1909f56bfc062723c751e8b465ee728b)  -> (artifact id: 'dac960127a9359fe22addd9e1df14eda') in 0.058893 seconds 
  Import took 0.088158 seconds .

========================================================================
Received Import Request.
  Time since last request: 0.001504 seconds.
  path: Assets/Resources/UI Components/ControlPanel_Plant6Option_Normal.png
  artifactKey: Guid(abbc4bb81773eb64cbd1fd5ed6297a92) Importer(815301076,1909f56bfc062723c751e8b465ee728b)
Start importing Assets/Resources/UI Components/ControlPanel_Plant6Option_Normal.png using Guid(abbc4bb81773eb64cbd1fd5ed6297a92) Importer(815301076,1909f56bfc062723c751e8b465ee728b)  -> (artifact id: 'd8283089e4b0925f92fd4eab99b32089') in 0.069819 seconds 
  Import took 0.083558 seconds .

========================================================================
Received Import Request.
  Time since last request: 0.001273 seconds.
  path: Assets/Resources/UI Components/ControlPanel_Animal4Option_Selected.png
  artifactKey: Guid(cce73d61fbe8c67429667f37832a4298) Importer(815301076,1909f56bfc062723c751e8b465ee728b)
Start importing Assets/Resources/UI Components/ControlPanel_Animal4Option_Selected.png using Guid(cce73d61fbe8c67429667f37832a4298) Importer(815301076,1909f56bfc062723c751e8b465ee728b)  -> (artifact id: 'b172b892d17f2b52c27a38117f80f612') in 0.080246 seconds 
  Import took 0.126466 seconds .

========================================================================
Received Import Request.
  Time since last request: 0.001894 seconds.
  path: Assets/Resources/UI Components/ControlPanel_Slider_FillArea.png
  artifactKey: Guid(65809a517e0184b4190e204a8b5b74ee) Importer(815301076,1909f56bfc062723c751e8b465ee728b)
Start importing Assets/Resources/UI Components/ControlPanel_Slider_FillArea.png using Guid(65809a517e0184b4190e204a8b5b74ee) Importer(815301076,1909f56bfc062723c751e8b465ee728b)  -> (artifact id: '8012501e571e8e243e6b877ea38fdc86') in 0.091484 seconds 
  Import took 0.122190 seconds .

========================================================================
Received Import Request.
  Time since last request: 0.000400 seconds.
  path: Assets/Resources/UI Components/ControlPanel_Plant1Option_Normal.png
  artifactKey: Guid(a38e671e57345a046b7ea6203428c086) Importer(815301076,1909f56bfc062723c751e8b465ee728b)
Start importing Assets/Resources/UI Components/ControlPanel_Plant1Option_Normal.png using Guid(a38e671e57345a046b7ea6203428c086) Importer(815301076,1909f56bfc062723c751e8b465ee728b)  -> (artifact id: 'ac3b79f4829eb70b7b9f4d8e7395e1cb') in 0.083518 seconds 
  Import took 0.126072 seconds .

========================================================================
Received Import Request.
  Time since last request: 0.000623 seconds.
  path: Assets/Resources/UI Components/ControlPanel_Dropdown_Icon.png
  artifactKey: Guid(9b87c3509f25d9a47a9ec28c6859013c) Importer(815301076,1909f56bfc062723c751e8b465ee728b)
Start importing Assets/Resources/UI Components/ControlPanel_Dropdown_Icon.png using Guid(9b87c3509f25d9a47a9ec28c6859013c) Importer(815301076,1909f56bfc062723c751e8b465ee728b)  -> (artifact id: 'd218f172ba1c6212829248e271dd2f33') in 0.052350 seconds 
  Import took 0.086546 seconds .

========================================================================
Received Import Request.
  Time since last request: 0.001171 seconds.
  path: Assets/Resources/UI Components/ControlsPanel_Gravel2Option_Normal.png
  artifactKey: Guid(74f00c00bc676df49993bc385b6f3016) Importer(815301076,1909f56bfc062723c751e8b465ee728b)
Start importing Assets/Resources/UI Components/ControlsPanel_Gravel2Option_Normal.png using Guid(74f00c00bc676df49993bc385b6f3016) Importer(815301076,1909f56bfc062723c751e8b465ee728b)  -> (artifact id: '6b0f97f345a4ebf09891eabebb95d31a') in 0.076565 seconds 
  Import took 0.103403 seconds .

========================================================================
Received Import Request.
  Time since last request: 0.001187 seconds.
  path: Assets/Resources/UI Components/ControlPanel_Plant1Option_Selected.png
  artifactKey: Guid(e3d185c899003024d9299e0c05362f84) Importer(815301076,1909f56bfc062723c751e8b465ee728b)
Start importing Assets/Resources/UI Components/ControlPanel_Plant1Option_Selected.png using Guid(e3d185c899003024d9299e0c05362f84) Importer(815301076,1909f56bfc062723c751e8b465ee728b)  -> (artifact id: 'fa3fb0961d9731762c65891f6190c000') in 0.081727 seconds 
  Import took 0.104730 seconds .

========================================================================
Received Import Request.
  Time since last request: 0.000934 seconds.
  path: Assets/Resources/UI Components/ControlPanel_Plant6Option_Selected.png
  artifactKey: Guid(d549f5e9c5f33a64c80031e7f901549d) Importer(815301076,1909f56bfc062723c751e8b465ee728b)
Start importing Assets/Resources/UI Components/ControlPanel_Plant6Option_Selected.png using Guid(d549f5e9c5f33a64c80031e7f901549d) Importer(815301076,1909f56bfc062723c751e8b465ee728b)  -> (artifact id: 'bd47b2c8003c307836587e761fa897c9') in 0.045059 seconds 
  Import took 0.066208 seconds .

========================================================================
Received Import Request.
  Time since last request: 0.000398 seconds.
  path: Assets/Resources/UI Components/ControlPanel_Dropdown_Background.png
  artifactKey: Guid(1f3cd2a45b841c4468acf5b5655b8ffe) Importer(815301076,1909f56bfc062723c751e8b465ee728b)
Start importing Assets/Resources/UI Components/ControlPanel_Dropdown_Background.png using Guid(1f3cd2a45b841c4468acf5b5655b8ffe) Importer(815301076,1909f56bfc062723c751e8b465ee728b)  -> (artifact id: '6a977c5bbe04dab258f52861c7a8a350') in 0.069406 seconds 
  Import took 0.082616 seconds .

========================================================================
Received Import Request.
  Time since last request: 0.000479 seconds.
  path: Assets/Resources/UI Components/ControlPanel_Plant7Option_Selected.png
  artifactKey: Guid(3f571d7955ed99142867b5338258ffb5) Importer(815301076,1909f56bfc062723c751e8b465ee728b)
Start importing Assets/Resources/UI Components/ControlPanel_Plant7Option_Selected.png using Guid(3f571d7955ed99142867b5338258ffb5) Importer(815301076,1909f56bfc062723c751e8b465ee728b)  -> (artifact id: '0af31e26a365a43ac112178bb0f831f9') in 0.041048 seconds 
  Import took 0.070669 seconds .

========================================================================
Received Import Request.
  Time since last request: 0.000403 seconds.
  path: Assets/Resources/UI Components/ControlsPanel_Grass4Option_Selected.png
  artifactKey: Guid(1ab6a1abd0138114793f5d2a81667d1d) Importer(815301076,1909f56bfc062723c751e8b465ee728b)
Start importing Assets/Resources/UI Components/ControlsPanel_Grass4Option_Selected.png using Guid(1ab6a1abd0138114793f5d2a81667d1d) Importer(815301076,1909f56bfc062723c751e8b465ee728b)  -> (artifact id: 'a26d7062e1c9ee28aac7468ecffa65ff') in 0.095057 seconds 
  Import took 0.120631 seconds .

========================================================================
Received Import Request.
  Time since last request: 0.000540 seconds.
  path: Assets/Resources/UI Components/ControlPanel_Slider_Track2.png
  artifactKey: Guid(5a9ec26b9f600be4ea9aae0b16e664b2) Importer(815301076,1909f56bfc062723c751e8b465ee728b)
Start importing Assets/Resources/UI Components/ControlPanel_Slider_Track2.png using Guid(5a9ec26b9f600be4ea9aae0b16e664b2) Importer(815301076,1909f56bfc062723c751e8b465ee728b)  -> (artifact id: 'a415a79b6d20e0a4e2f232740c25c413') in 0.058324 seconds 
  Import took 0.072261 seconds .

========================================================================
Received Import Request.
  Time since last request: 0.000909 seconds.
  path: Assets/Resources/UI Components/ControlsPanel_CharcoalOption_Normal.png
  artifactKey: Guid(36b580a47d795474d82842b9a3790fec) Importer(815301076,1909f56bfc062723c751e8b465ee728b)
Start importing Assets/Resources/UI Components/ControlsPanel_CharcoalOption_Normal.png using Guid(36b580a47d795474d82842b9a3790fec) Importer(815301076,1909f56bfc062723c751e8b465ee728b)  -> (artifact id: '32ef39a8606e72d59abf7c1c5a96afd4') in 0.046217 seconds 
  Import took 0.072876 seconds .

========================================================================
Received Import Request.
  Time since last request: 0.000499 seconds.
  path: Assets/Resources/UI Components/ControlsPanel_CharcoalOption_Selected.png
  artifactKey: Guid(920c8c36eb4bbc84cbb745cfdd15eb58) Importer(815301076,1909f56bfc062723c751e8b465ee728b)
Start importing Assets/Resources/UI Components/ControlsPanel_CharcoalOption_Selected.png using Guid(920c8c36eb4bbc84cbb745cfdd15eb58) Importer(815301076,1909f56bfc062723c751e8b465ee728b)  -> (artifact id: '8f34d211aee9191a38547ddfc6c15450') in 0.041326 seconds 
  Import took 0.063692 seconds .

========================================================================
Received Import Request.
  Time since last request: 0.000414 seconds.
  path: Assets/Resources/UI Components/ControlsPanel_Grass1Option_Selected.png
  artifactKey: Guid(4c2637b06172ea9439ca4d5ff4bd2026) Importer(815301076,1909f56bfc062723c751e8b465ee728b)
Start importing Assets/Resources/UI Components/ControlsPanel_Grass1Option_Selected.png using Guid(4c2637b06172ea9439ca4d5ff4bd2026) Importer(815301076,1909f56bfc062723c751e8b465ee728b)  -> (artifact id: 'e1e97417a3c099147571e9cb8924dbc3') in 0.034970 seconds 
  Import took 0.067087 seconds .

========================================================================
Received Import Request.
  Time since last request: 0.000454 seconds.
  path: Assets/Resources/UI Components/ControlPanel_Animal2Option_Normal.png
  artifactKey: Guid(93439140998f703409eaa8dabcde2b7d) Importer(815301076,1909f56bfc062723c751e8b465ee728b)
Start importing Assets/Resources/UI Components/ControlPanel_Animal2Option_Normal.png using Guid(93439140998f703409eaa8dabcde2b7d) Importer(815301076,1909f56bfc062723c751e8b465ee728b)  -> (artifact id: '9bc0842694ab097b1c4275b3da9f5ac7') in 0.093283 seconds 
  Import took 0.125460 seconds .

========================================================================
Received Import Request.
  Time since last request: 0.000404 seconds.
  path: Assets/Resources/UI Components/ControlsPanel_Grass3Option_Normal.png
  artifactKey: Guid(412762aa8a02d9744a1b77e8c9902b9d) Importer(815301076,1909f56bfc062723c751e8b465ee728b)
Start importing Assets/Resources/UI Components/ControlsPanel_Grass3Option_Normal.png using Guid(412762aa8a02d9744a1b77e8c9902b9d) Importer(815301076,1909f56bfc062723c751e8b465ee728b)  -> (artifact id: 'ee6ea36e0fa0ecee451a6732414b2113') in 0.036466 seconds 
  Import took 0.054669 seconds .

========================================================================
Received Import Request.
  Time since last request: 0.000604 seconds.
  path: Assets/Resources/UI Components/ControlsPanel_CentralizarBtn.png
  artifactKey: Guid(5913a82c9e553e54db5314af828de6f3) Importer(815301076,1909f56bfc062723c751e8b465ee728b)
Start importing Assets/Resources/UI Components/ControlsPanel_CentralizarBtn.png using Guid(5913a82c9e553e54db5314af828de6f3) Importer(815301076,1909f56bfc062723c751e8b465ee728b)  -> (artifact id: 'af08ea4725dbb843f76747f15de40078') in 0.071916 seconds 
  Import took 0.091818 seconds .

========================================================================
Received Import Request.
  Time since last request: 0.000695 seconds.
  path: Assets/Resources/UI Components/ControlPanel_Plant3Option_Normal.png
  artifactKey: Guid(30682fad05697714586f4cde7862b992) Importer(815301076,1909f56bfc062723c751e8b465ee728b)
Start importing Assets/Resources/UI Components/ControlPanel_Plant3Option_Normal.png using Guid(30682fad05697714586f4cde7862b992) Importer(815301076,1909f56bfc062723c751e8b465ee728b)  -> (artifact id: '808b5422a875d8b95b3dfe75ff27938e') in 0.089575 seconds 
  Import took 0.113975 seconds .

========================================================================
Received Import Request.
  Time since last request: 0.000480 seconds.
  path: Assets/Resources/UI Components/ControlPanel_Plant5Option_Selected.png
  artifactKey: Guid(ed2541ffbbbcab448896896f2fe7a3dd) Importer(815301076,1909f56bfc062723c751e8b465ee728b)
Start importing Assets/Resources/UI Components/ControlPanel_Plant5Option_Selected.png using Guid(ed2541ffbbbcab448896896f2fe7a3dd) Importer(815301076,1909f56bfc062723c751e8b465ee728b)  -> (artifact id: '0ef611114575bcdf043479e916dba3e5') in 0.080181 seconds 
  Import took 0.097061 seconds .

========================================================================
Received Import Request.
  Time since last request: 0.000398 seconds.
  path: Assets/Resources/UI Components/ControlsPanel_Gravel3Option_Selected.png
  artifactKey: Guid(c7856c73a0dfb244f9f4b370651c81df) Importer(815301076,1909f56bfc062723c751e8b465ee728b)
Start importing Assets/Resources/UI Components/ControlsPanel_Gravel3Option_Selected.png using Guid(c7856c73a0dfb244f9f4b370651c81df) Importer(815301076,1909f56bfc062723c751e8b465ee728b)  -> (artifact id: '7bf7fd9b1bd4164210b39fdcceae8672') in 0.035502 seconds 
  Import took 0.065182 seconds .

========================================================================
Received Import Request.
  Time since last request: 0.000970 seconds.
  path: Assets/Resources/UI Components/ControlPanel_Plant2Option_Selected.png
  artifactKey: Guid(cca6bc7c2c0964b45839424002f7226f) Importer(815301076,1909f56bfc062723c751e8b465ee728b)
Start importing Assets/Resources/UI Components/ControlPanel_Plant2Option_Selected.png using Guid(cca6bc7c2c0964b45839424002f7226f) Importer(815301076,1909f56bfc062723c751e8b465ee728b)  -> (artifact id: '9598845ffe07bf952e53a3e62a7fc072') in 0.079824 seconds 
  Import took 0.095944 seconds .

========================================================================
Received Import Request.
  Time since last request: 0.000445 seconds.
  path: Assets/Resources/UI Components/ControlsPanel_Grass2Option_Normal.png
  artifactKey: Guid(7bda4bb1932667148a6c85fa5838deeb) Importer(815301076,1909f56bfc062723c751e8b465ee728b)
Start importing Assets/Resources/UI Components/ControlsPanel_Grass2Option_Normal.png using Guid(7bda4bb1932667148a6c85fa5838deeb) Importer(815301076,1909f56bfc062723c751e8b465ee728b)  -> (artifact id: '3ba55bac7f6f8727c09241776ef6f129') in 0.069957 seconds 
  Import took 0.113643 seconds .

========================================================================
Received Import Request.
  Time since last request: 0.000444 seconds.
  path: Assets/Resources/UI Components/ControlsPanel_Gravel3Option_Normal.png
  artifactKey: Guid(9f2f367ac169d8a498647695a567d316) Importer(815301076,1909f56bfc062723c751e8b465ee728b)
Start importing Assets/Resources/UI Components/ControlsPanel_Gravel3Option_Normal.png using Guid(9f2f367ac169d8a498647695a567d316) Importer(815301076,1909f56bfc062723c751e8b465ee728b)  -> (artifact id: '39387000b45d1ad0d98e5e224df7a0a6') in 0.070517 seconds 
  Import took 0.095354 seconds .

========================================================================
Received Import Request.
  Time since last request: 0.000733 seconds.
  path: Assets/Resources/UI Components/ControlPanel_Animal3Option_Normal.png
  artifactKey: Guid(b9de7d969c215f74cbd73a218c0071b6) Importer(815301076,1909f56bfc062723c751e8b465ee728b)
Start importing Assets/Resources/UI Components/ControlPanel_Animal3Option_Normal.png using Guid(b9de7d969c215f74cbd73a218c0071b6) Importer(815301076,1909f56bfc062723c751e8b465ee728b)  -> (artifact id: '8d92f4ffc2ba83992dd0cb07b7afebea') in 0.061476 seconds 
  Import took 0.080859 seconds .

========================================================================
Received Import Request.
  Time since last request: 0.000821 seconds.
  path: Assets/Resources/UI Components/ControlPanel_Checkbox_DoneIcon.png
  artifactKey: Guid(78a58e78f5874f94eb64d5752b219646) Importer(815301076,1909f56bfc062723c751e8b465ee728b)
Start importing Assets/Resources/UI Components/ControlPanel_Checkbox_DoneIcon.png using Guid(78a58e78f5874f94eb64d5752b219646) Importer(815301076,1909f56bfc062723c751e8b465ee728b)  -> (artifact id: '52d2374fc17e267c0f8f23b99442618b') in 0.056235 seconds 
  Import took 0.107708 seconds .

========================================================================
Received Import Request.
  Time since last request: 0.000424 seconds.
  path: Assets/Resources/UI Components/ControlPanel_Plant4Option_Selected.png
  artifactKey: Guid(4d5a20fbc75dc1f41a341249d1589c31) Importer(815301076,1909f56bfc062723c751e8b465ee728b)
Start importing Assets/Resources/UI Components/ControlPanel_Plant4Option_Selected.png using Guid(4d5a20fbc75dc1f41a341249d1589c31) Importer(815301076,1909f56bfc062723c751e8b465ee728b)  -> (artifact id: 'f4298424f8b92c216a3f7211665d09ba') in 0.137409 seconds 
  Import took 0.152238 seconds .

========================================================================
Received Import Request.
  Time since last request: 0.000432 seconds.
  path: Assets/Resources/UI Components/ControlsPanel_Gravel1Option_Normal.png
  artifactKey: Guid(94048abf332bee64cbb3b9a81f66cdf4) Importer(815301076,1909f56bfc062723c751e8b465ee728b)
Start importing Assets/Resources/UI Components/ControlsPanel_Gravel1Option_Normal.png using Guid(94048abf332bee64cbb3b9a81f66cdf4) Importer(815301076,1909f56bfc062723c751e8b465ee728b)  -> (artifact id: '5998ffdb5c7791eea7207c4ae0fa81bb') in 0.053699 seconds 
  Import took 0.076301 seconds .

========================================================================
Received Import Request.
  Time since last request: 0.000752 seconds.
  path: Assets/Resources/UI Components/ControlsPanel_LeftBtn.png
  artifactKey: Guid(8bc9cb5211455b6418ce54f7d984092e) Importer(815301076,1909f56bfc062723c751e8b465ee728b)
Start importing Assets/Resources/UI Components/ControlsPanel_LeftBtn.png using Guid(8bc9cb5211455b6418ce54f7d984092e) Importer(815301076,1909f56bfc062723c751e8b465ee728b)  -> (artifact id: 'a47e53390d756d4b2815739c71ba8dcb') in 0.077458 seconds 
  Import took 0.107966 seconds .

========================================================================
Received Import Request.
  Time since last request: 0.000532 seconds.
  path: Assets/Resources/UI Components/ControlsPanel_Grass1Option_Normal.png
  artifactKey: Guid(59772e9b6b35816469f666b9571cbdb8) Importer(815301076,1909f56bfc062723c751e8b465ee728b)
Start importing Assets/Resources/UI Components/ControlsPanel_Grass1Option_Normal.png using Guid(59772e9b6b35816469f666b9571cbdb8) Importer(815301076,1909f56bfc062723c751e8b465ee728b)  -> (artifact id: '0ec0683ca8dcca1dedfe54038c003546') in 0.086985 seconds 
  Import took 0.095700 seconds .

========================================================================
Received Import Request.
  Time since last request: 0.000717 seconds.
  path: Assets/Resources/UI Components/ControlPanel_Animal4Option_Normal.png
  artifactKey: Guid(a029b57398d436f449342bb76b80c545) Importer(815301076,1909f56bfc062723c751e8b465ee728b)
Start importing Assets/Resources/UI Components/ControlPanel_Animal4Option_Normal.png using Guid(a029b57398d436f449342bb76b80c545) Importer(815301076,1909f56bfc062723c751e8b465ee728b)  -> (artifact id: '3d8d2b47920fc42967d0065f7f4af2ab') in 0.073504 seconds 
  Import took 0.089954 seconds .

========================================================================
Received Import Request.
  Time since last request: 0.000443 seconds.
  path: Assets/Resources/UI Components/ControlsPanel_Grass2Option_Selected.png
  artifactKey: Guid(04d1d32fe49b2e34b85dd6bbd02287d0) Importer(815301076,1909f56bfc062723c751e8b465ee728b)
Start importing Assets/Resources/UI Components/ControlsPanel_Grass2Option_Selected.png using Guid(04d1d32fe49b2e34b85dd6bbd02287d0) Importer(815301076,1909f56bfc062723c751e8b465ee728b)  -> (artifact id: '15601a10df17f38ea03e9e7211987c75') in 0.056374 seconds 
  Import took 0.078150 seconds .

========================================================================
Received Import Request.
  Time since last request: 0.000496 seconds.
  path: Assets/Resources/UI Components/ControlsPanel_CloseTerrariumBtn.png
  artifactKey: Guid(a84361ae9a7a4ad42b1c472e0b8afbb2) Importer(815301076,1909f56bfc062723c751e8b465ee728b)
Start importing Assets/Resources/UI Components/ControlsPanel_CloseTerrariumBtn.png using Guid(a84361ae9a7a4ad42b1c472e0b8afbb2) Importer(815301076,1909f56bfc062723c751e8b465ee728b)  -> (artifact id: '2cbffbfbd4b946a3952833b1254bbf5e') in 0.024089 seconds 
  Import took 0.045810 seconds .

========================================================================
Received Import Request.
  Time since last request: 0.000476 seconds.
  path: Assets/Resources/UI Components/ControlPanel_Plant7Option_Normal.png
  artifactKey: Guid(2d18c6aaca0b70342929b4750ffc5cf6) Importer(815301076,1909f56bfc062723c751e8b465ee728b)
Start importing Assets/Resources/UI Components/ControlPanel_Plant7Option_Normal.png using Guid(2d18c6aaca0b70342929b4750ffc5cf6) Importer(815301076,1909f56bfc062723c751e8b465ee728b)  -> (artifact id: '97bc595e5dd8dcef33e6700d9059be3b') in 0.096648 seconds 
  Import took 0.106791 seconds .

========================================================================
Received Import Request.
  Time since last request: 0.000483 seconds.
  path: Assets/Resources/UI Components/ControlPanel_Plant2Option_Normal.png
  artifactKey: Guid(787fa094c3d08d2499b2c38ee138fb60) Importer(815301076,1909f56bfc062723c751e8b465ee728b)
Start importing Assets/Resources/UI Components/ControlPanel_Plant2Option_Normal.png using Guid(787fa094c3d08d2499b2c38ee138fb60) Importer(815301076,1909f56bfc062723c751e8b465ee728b)  -> (artifact id: '8b719e4ff68c506aeb06401206e4ed49') in 0.059272 seconds 
  Import took 0.064488 seconds .

========================================================================
Received Import Request.
  Time since last request: 0.000399 seconds.
  path: Assets/Resources/UI Components/ControlPanel_Plant8Option_Selected.png
  artifactKey: Guid(b28a1897e3fcea44fa4a9c33716b6d6a) Importer(815301076,1909f56bfc062723c751e8b465ee728b)
Start importing Assets/Resources/UI Components/ControlPanel_Plant8Option_Selected.png using Guid(b28a1897e3fcea44fa4a9c33716b6d6a) Importer(815301076,1909f56bfc062723c751e8b465ee728b)  -> (artifact id: '0587fa5a8d0fb9a75c785e96a18191e8') in 0.069050 seconds 
  Import took 0.091444 seconds .

========================================================================
Received Import Request.
  Time since last request: 0.000933 seconds.
  path: Assets/Resources/UI Components/ControlPanel_Animal3Option_Selected.png
  artifactKey: Guid(558f000fc7247b044914d102a9a7396d) Importer(815301076,1909f56bfc062723c751e8b465ee728b)
Start importing Assets/Resources/UI Components/ControlPanel_Animal3Option_Selected.png using Guid(558f000fc7247b044914d102a9a7396d) Importer(815301076,1909f56bfc062723c751e8b465ee728b)  -> (artifact id: 'b3eb991c7630e7928e20f07fbc21274d') in 0.056681 seconds 
  Import took 0.070270 seconds .

========================================================================
Received Import Request.
  Time since last request: 0.000439 seconds.
  path: Assets/Resources/UI Components/ControlsPanel_Gravel2Option_Selected.png
  artifactKey: Guid(cc858f34757e59a46aa4dfb1b24a3074) Importer(815301076,1909f56bfc062723c751e8b465ee728b)
Start importing Assets/Resources/UI Components/ControlsPanel_Gravel2Option_Selected.png using Guid(cc858f34757e59a46aa4dfb1b24a3074) Importer(815301076,1909f56bfc062723c751e8b465ee728b)  -> (artifact id: '19006af5229cadc10a135c7fa902c4ac') in 0.057095 seconds 
  Import took 0.078518 seconds .

========================================================================
Received Import Request.
  Time since last request: 0.000396 seconds.
  path: Assets/Resources/UI Components/ControlPanel_Plant3Option_Selected.png
  artifactKey: Guid(6dc86e3ca35c4a240b858d843f5f8222) Importer(815301076,1909f56bfc062723c751e8b465ee728b)
Start importing Assets/Resources/UI Components/ControlPanel_Plant3Option_Selected.png using Guid(6dc86e3ca35c4a240b858d843f5f8222) Importer(815301076,1909f56bfc062723c751e8b465ee728b)  -> (artifact id: '42f76f3a526c58873079502b2c6d9f46') in 0.051533 seconds 
  Import took 0.079422 seconds .

========================================================================
Received Import Request.
  Time since last request: 0.000401 seconds.
  path: Assets/Resources/UI Components/ControlPanel_Plant5Option_Normal.png
  artifactKey: Guid(2e475dc22e5a61841aa4fcf0ef2ad68e) Importer(815301076,1909f56bfc062723c751e8b465ee728b)
Start importing Assets/Resources/UI Components/ControlPanel_Plant5Option_Normal.png using Guid(2e475dc22e5a61841aa4fcf0ef2ad68e) Importer(815301076,1909f56bfc062723c751e8b465ee728b)  -> (artifact id: '10adead9d26a5cce6e92178b9f7d3149') in 0.103895 seconds 
  Import took 0.125314 seconds .

========================================================================
Received Import Request.
  Time since last request: 0.000422 seconds.
  path: Assets/Resources/UI Components/ControlPanel_Checkbox_Background.png
  artifactKey: Guid(7963ea19ffc1c4b44b3d92475a5de269) Importer(815301076,1909f56bfc062723c751e8b465ee728b)
Start importing Assets/Resources/UI Components/ControlPanel_Checkbox_Background.png using Guid(7963ea19ffc1c4b44b3d92475a5de269) Importer(815301076,1909f56bfc062723c751e8b465ee728b)  -> (artifact id: '8c9ea72675317e9b2917382c4effdbd8') in 0.088850 seconds 
  Import took 0.106049 seconds .

========================================================================
Received Import Request.
  Time since last request: 0.000505 seconds.
  path: Assets/Resources/UI Components/ControlsPanel_Grass4Option_Normal.png
  artifactKey: Guid(c5eaf33e859688941a631df4ac4e6517) Importer(815301076,1909f56bfc062723c751e8b465ee728b)
Start importing Assets/Resources/UI Components/ControlsPanel_Grass4Option_Normal.png using Guid(c5eaf33e859688941a631df4ac4e6517) Importer(815301076,1909f56bfc062723c751e8b465ee728b)  -> (artifact id: '38953096c0ce17b55c44e3fb88078d9a') in 0.130505 seconds 
  Import took 0.185183 seconds .

========================================================================
Received Import Request.
  Time since last request: 0.000396 seconds.
  path: Assets/Resources/UI Components/ControlPanel_Animal2Option_Selected.png
  artifactKey: Guid(2da70ab669889594cb370fd6e1b4cf9b) Importer(815301076,1909f56bfc062723c751e8b465ee728b)
Start importing Assets/Resources/UI Components/ControlPanel_Animal2Option_Selected.png using Guid(2da70ab669889594cb370fd6e1b4cf9b) Importer(815301076,1909f56bfc062723c751e8b465ee728b)  -> (artifact id: '8e98df7b1e0c38cf72072efe11e62500') in 0.069870 seconds 
  Import took 0.085461 seconds .

========================================================================
Received Import Request.
  Time since last request: 0.000517 seconds.
  path: Assets/Resources/UI Components/ControlsPanel_MossOption_Normal.png
  artifactKey: Guid(da8d9c22bb1d8ca4ea251006b08cc903) Importer(815301076,1909f56bfc062723c751e8b465ee728b)
Start importing Assets/Resources/UI Components/ControlsPanel_MossOption_Normal.png using Guid(da8d9c22bb1d8ca4ea251006b08cc903) Importer(815301076,1909f56bfc062723c751e8b465ee728b)  -> (artifact id: '6cbe66d1f54c3b4aac685e4abb7f49bb') in 0.083849 seconds 
  Import took 0.120049 seconds .

========================================================================
Received Import Request.
  Time since last request: 0.000529 seconds.
  path: Assets/Resources/UI Components/ControlPanel_Slider_FillArea2.png
  artifactKey: Guid(b1a96d6b0aaccdb4eaaae0660a9fd1ea) Importer(815301076,1909f56bfc062723c751e8b465ee728b)
Start importing Assets/Resources/UI Components/ControlPanel_Slider_FillArea2.png using Guid(b1a96d6b0aaccdb4eaaae0660a9fd1ea) Importer(815301076,1909f56bfc062723c751e8b465ee728b)  -> (artifact id: '7a03748e6528e437a90e74201235ff5e') in 0.081038 seconds 
  Import took 0.113362 seconds .

========================================================================
Received Prepare
Registering precompiled user dll's ...
Registered in 0.176519 seconds.
Begin MonoManager ReloadAssembly
Native extension for WindowsStandalone target not found
Native extension for WebGL target not found
Refreshing native plugins compatible for Editor in 0.98 ms, found 3 plugins.
Preloading 0 native plugins for Editor in 0.00 ms.
Mono: successfully reloaded assembly
- Completed reload, in  7.177 seconds
Domain Reload Profiling:
	ReloadAssembly (7183ms)
		BeginReloadAssembly (710ms)
			ExecutionOrderSort (0ms)
			DisableScriptedObjects (52ms)
			BackupInstance (0ms)
			ReleaseScriptingObjects (0ms)
			CreateAndSetChildDomain (251ms)
		EndReloadAssembly (6245ms)
			LoadAssemblies (513ms)
			RebuildTransferFunctionScriptingTraits (0ms)
			SetupTypeCache (2458ms)
			ReleaseScriptCaches (1ms)
			RebuildScriptCaches (146ms)
			SetupLoadedEditorAssemblies (2498ms)
				LogAssemblyErrors (0ms)
				InitializePlatformSupportModulesInManaged (47ms)
				SetLoadedEditorAssemblies (5ms)
				RefreshPlugins (1ms)
				BeforeProcessingInitializeOnLoad (349ms)
				ProcessInitializeOnLoadAttributes (2035ms)
				ProcessInitializeOnLoadMethodAttributes (42ms)
				AfterProcessingInitializeOnLoad (18ms)
				EditorAssembliesLoaded (1ms)
			ExecutionOrderSort2 (0ms)
			AwakeInstancesAfterBackupRestoration (83ms)
Platform modules already initialized, skipping
Refreshing native plugins compatible for Editor in 12.99 ms, found 3 plugins.
Preloading 0 native plugins for Editor in 0.00 ms.
Unloading 2101 Unused Serialized files (Serialized files now loaded: 0)
System memory in use before: 116.7 MB.
System memory in use after: 116.8 MB.

Unloading 20 unused Assets to reduce memory usage. Loaded Objects now: 2620.
Total: 16.087400 ms (FindLiveObjects: 3.107500 ms CreateObjectMapping: 0.292200 ms MarkObjects: 12.298900 ms  DeleteObjects: 0.374600 ms)

AssetImportParameters requested are different than current active one (requested -> active):
  custom:framework-win-MediaFoundation: 216162199b28c13a410421893ffa2e32 -> 
  custom:video-decoder-ogg-theora: a1e56fd34408186e4bbccfd4996cb3dc -> 
  custom:container-muxer-webm: aa71ff27fc2769a1b78a27578f13a17b -> 
  custom:container-demuxer-webm: 4f35f7cbe854078d1ac9338744f61a02 -> 
  custom:container-demuxer-ogg: 62fdf1f143b41e24485cea50d1cbac27 -> 
  custom:video-encoder-webm-vp8: eb34c28f22e8b96e1ab97ce403110664 -> 
  custom:video-decoder-webm-vp8: 9c59270c3fd7afecdb556c50c9e8de78 -> 
  custom:audio-decoder-ogg-vorbis: bf7c407c2cedff20999df2af8eb42d56 -> 
  custom:audio-encoder-webm-vorbis: bf7c407c2cedff20999df2af8eb42d56 -> 
========================================================================
Received Import Request.
  Time since last request: 393.809510 seconds.
  path: Assets/Resources/3D Models/Aquário/12985_fish_bowl_gravel_diff.jpg
  artifactKey: Guid(fb5863accf41e7d4699976d15a33384f) Importer(815301076,1909f56bfc062723c751e8b465ee728b)
Start importing Assets/Resources/3D Models/Aquário/12985_fish_bowl_gravel_diff.jpg using Guid(fb5863accf41e7d4699976d15a33384f) Importer(815301076,1909f56bfc062723c751e8b465ee728b)  -> (artifact id: 'df62bcf7170197b96ade678d3d7080c3') in 0.850053 seconds 
  Import took 0.958777 seconds .

========================================================================
Received Import Request.
  Time since last request: 0.000845 seconds.
  path: Assets/Resources/3D Models/Vegetation/Alecrim/Calibanus hookerii Roughness.jpg
  artifactKey: Guid(22352deec62babc42a77fbe10a9a279b) Importer(815301076,1909f56bfc062723c751e8b465ee728b)
Start importing Assets/Resources/3D Models/Vegetation/Alecrim/Calibanus hookerii Roughness.jpg using Guid(22352deec62babc42a77fbe10a9a279b) Importer(815301076,1909f56bfc062723c751e8b465ee728b)  -> (artifact id: '375c1d68b24456a5d0f5fd50a711dec2') in 0.141243 seconds 
  Import took 0.175439 seconds .

========================================================================
Received Import Request.
  Time since last request: 0.000621 seconds.
  path: Assets/Resources/3D Models/Vegetation/Bush/b_leaf_d_original.jpg
  artifactKey: Guid(a90391df4eb61614da547de7d7a4016a) Importer(815301076,1909f56bfc062723c751e8b465ee728b)
Start importing Assets/Resources/3D Models/Vegetation/Bush/b_leaf_d_original.jpg using Guid(a90391df4eb61614da547de7d7a4016a) Importer(815301076,1909f56bfc062723c751e8b465ee728b)  -> (artifact id: '96cbf19d914beac788ca42d046bbae3f') in 0.143469 seconds 
  Import took 0.199465 seconds .

========================================================================
Received Import Request.
  Time since last request: 0.000364 seconds.
  path: Assets/Resources/3D Models/Vegetation/Alecrim/Calibanus hookerii AO.jpg
  artifactKey: Guid(9fa11530314da3a4a86d08cc13650dc9) Importer(815301076,1909f56bfc062723c751e8b465ee728b)
Start importing Assets/Resources/3D Models/Vegetation/Alecrim/Calibanus hookerii AO.jpg using Guid(9fa11530314da3a4a86d08cc13650dc9) Importer(815301076,1909f56bfc062723c751e8b465ee728b)  -> (artifact id: '20302f437d4db7e3661c9ea566e1c9aa') in 0.268804 seconds 
  Import took 0.311911 seconds .

========================================================================
Received Import Request.
  Time since last request: 0.000410 seconds.
  path: Assets/Resources/3D Models/Vegetation/Bush/bark_b_b.jpg
  artifactKey: Guid(5aa5e34887db9c748b5ef539d224b7d8) Importer(815301076,1909f56bfc062723c751e8b465ee728b)
Start importing Assets/Resources/3D Models/Vegetation/Bush/bark_b_b.jpg using Guid(5aa5e34887db9c748b5ef539d224b7d8) Importer(815301076,1909f56bfc062723c751e8b465ee728b)  -> (artifact id: '359727aa713b7ac9e0fd31d0d30e9e46') in 0.207118 seconds 
  Import took 0.227754 seconds .

========================================================================
Received Import Request.
  Time since last request: 0.000452 seconds.
  path: Assets/Resources/3D Models/Vegetation/Bush/bark_b_d.jpg
  artifactKey: Guid(d302b316174200c459d92757395a66b5) Importer(815301076,1909f56bfc062723c751e8b465ee728b)
Start importing Assets/Resources/3D Models/Vegetation/Bush/bark_b_d.jpg using Guid(d302b316174200c459d92757395a66b5) Importer(815301076,1909f56bfc062723c751e8b465ee728b)  -> (artifact id: '800fbb00cc97a89b026e4045be1d2f2d') in 0.327801 seconds 
  Import took 0.353386 seconds .

========================================================================
Received Import Request.
  Time since last request: 0.000392 seconds.
  path: Assets/Resources/UI Components/CarbonDioxideParticle.png
  artifactKey: Guid(80755c70647b21241bd9fd8223afecb9) Importer(815301076,1909f56bfc062723c751e8b465ee728b)
Start importing Assets/Resources/UI Components/CarbonDioxideParticle.png using Guid(80755c70647b21241bd9fd8223afecb9) Importer(815301076,1909f56bfc062723c751e8b465ee728b)  -> (artifact id: '3abd0624f0017e1e48d290a2264601eb') in 0.128730 seconds 
  Import took 0.153243 seconds .

========================================================================
Received Import Request.
  Time since last request: 0.000942 seconds.
  path: Assets/Resources/3D Models/Vegetation/Bush/b_leaf_b.jpg
  artifactKey: Guid(133d49ccad69f494fbe7a128586e1e2b) Importer(815301076,1909f56bfc062723c751e8b465ee728b)
Start importing Assets/Resources/3D Models/Vegetation/Bush/b_leaf_b.jpg using Guid(133d49ccad69f494fbe7a128586e1e2b) Importer(815301076,1909f56bfc062723c751e8b465ee728b)  -> (artifact id: 'dacaccff811ba0bfecf5fddc3d47b203') in 0.257213 seconds 
  Import took 0.284953 seconds .

========================================================================
Received Import Request.
  Time since last request: 0.000392 seconds.
  path: Assets/Resources/UI Components/ControlPanel_Animal1Option_Selected.png
  artifactKey: Guid(3cd3ae105d6afe346b95f277a46f75fe) Importer(815301076,1909f56bfc062723c751e8b465ee728b)
Start importing Assets/Resources/UI Components/ControlPanel_Animal1Option_Selected.png using Guid(3cd3ae105d6afe346b95f277a46f75fe) Importer(815301076,1909f56bfc062723c751e8b465ee728b)  -> (artifact id: 'c506555355c0210ede6763d5234bc0fc') in 0.143229 seconds 
  Import took 0.159981 seconds .

========================================================================
Received Import Request.
  Time since last request: 0.000384 seconds.
  path: Assets/Resources/3D Models/Vegetation/Bush/concrete_mask.jpg
  artifactKey: Guid(aece04ecd7a032c49a937d66d10e1360) Importer(815301076,1909f56bfc062723c751e8b465ee728b)
Start importing Assets/Resources/3D Models/Vegetation/Bush/concrete_mask.jpg using Guid(aece04ecd7a032c49a937d66d10e1360) Importer(815301076,1909f56bfc062723c751e8b465ee728b)  -> (artifact id: '11609cae4ceee0000eb6c1197b92a2a8') in 0.292670 seconds 
  Import took 0.314571 seconds .

========================================================================
Received Import Request.
  Time since last request: 0.000401 seconds.
  path: Assets/Resources/3D Models/Vegetation/Alecrim/Calibanus hookerii Specular.jpg
  artifactKey: Guid(0ce17422f380a2647bcfc161f23edc4b) Importer(815301076,1909f56bfc062723c751e8b465ee728b)
Start importing Assets/Resources/3D Models/Vegetation/Alecrim/Calibanus hookerii Specular.jpg using Guid(0ce17422f380a2647bcfc161f23edc4b) Importer(815301076,1909f56bfc062723c751e8b465ee728b)  -> (artifact id: 'a744724df0106a30b82fb3d8aae70f06') in 0.924849 seconds 
  Import took 0.969205 seconds .

========================================================================
Received Import Request.
  Time since last request: 0.000619 seconds.
  path: Assets/Resources/3D Models/Vegetation/Bush/b_leaf_d.jpg
  artifactKey: Guid(af5acd3b21d5a1e4686f0cfd411330f8) Importer(815301076,1909f56bfc062723c751e8b465ee728b)
Start importing Assets/Resources/3D Models/Vegetation/Bush/b_leaf_d.jpg using Guid(af5acd3b21d5a1e4686f0cfd411330f8) Importer(815301076,1909f56bfc062723c751e8b465ee728b)  -> (artifact id: '87d7f136711833d634190ac97e5544fc') in 0.124863 seconds 
  Import took 0.163843 seconds .

========================================================================
Received Import Request.
  Time since last request: 0.000425 seconds.
  path: Assets/Resources/UI Components/ControlPanel_Animal1Option_Normal.png
  artifactKey: Guid(0070c95f1fd29354cbdfb091b07276f0) Importer(815301076,1909f56bfc062723c751e8b465ee728b)
Start importing Assets/Resources/UI Components/ControlPanel_Animal1Option_Normal.png using Guid(0070c95f1fd29354cbdfb091b07276f0) Importer(815301076,1909f56bfc062723c751e8b465ee728b)  -> (artifact id: '37a001afe90be9f335ecfc9d65922de9') in 0.095688 seconds 
  Import took 0.116842 seconds .

========================================================================
Received Import Request.
  Time since last request: 0.000387 seconds.
  path: Assets/Resources/3D Models/Vegetation/Alecrim/Calibanus-hookerii-Displacement.jpg
  artifactKey: Guid(e549af8a992ca6e4da3ee979b0e4a03d) Importer(815301076,1909f56bfc062723c751e8b465ee728b)
Start importing Assets/Resources/3D Models/Vegetation/Alecrim/Calibanus-hookerii-Displacement.jpg using Guid(e549af8a992ca6e4da3ee979b0e4a03d) Importer(815301076,1909f56bfc062723c751e8b465ee728b)  -> (artifact id: 'be66880e05095c1339f6e1df135818c5') in 0.159058 seconds 
  Import took 0.196710 seconds .

========================================================================
Received Import Request.
  Time since last request: 0.001081 seconds.
  path: Assets/Resources/3D Models/Vegetation/Alecrim/Calibanus hookerii Diffuse.jpg
  artifactKey: Guid(5e09ef2f75011a645bd34a4c55ae5f8d) Importer(815301076,1909f56bfc062723c751e8b465ee728b)
Start importing Assets/Resources/3D Models/Vegetation/Alecrim/Calibanus hookerii Diffuse.jpg using Guid(5e09ef2f75011a645bd34a4c55ae5f8d) Importer(815301076,1909f56bfc062723c751e8b465ee728b)  -> (artifact id: '1a87af6df9d3c7379dd280cbac8e5dfe') in 0.135752 seconds 
  Import took 0.153681 seconds .

========================================================================
Received Import Request.
  Time since last request: 0.000480 seconds.
  path: Assets/Resources/3D Models/Vegetation/Baby Kale/source/cabbage_rawscan_COL_4K.jpg
  artifactKey: Guid(505dc92db3d73714e86172f19fabf1c9) Importer(815301076,1909f56bfc062723c751e8b465ee728b)
Start importing Assets/Resources/3D Models/Vegetation/Baby Kale/source/cabbage_rawscan_COL_4K.jpg using Guid(505dc92db3d73714e86172f19fabf1c9) Importer(815301076,1909f56bfc062723c751e8b465ee728b)  -> (artifact id: '81ee9855e648904aed1dd3b6ab7bfa93') in 0.176527 seconds 
  Import took 0.191744 seconds .

========================================================================
Received Prepare
Registering precompiled user dll's ...
Registered in 0.162938 seconds.
Begin MonoManager ReloadAssembly
Native extension for WindowsStandalone target not found
Native extension for WebGL target not found
Refreshing native plugins compatible for Editor in 0.93 ms, found 3 plugins.
Preloading 0 native plugins for Editor in 0.00 ms.
Mono: successfully reloaded assembly
- Completed reload, in  3.596 seconds
Domain Reload Profiling:
	ReloadAssembly (3603ms)
		BeginReloadAssembly (847ms)
			ExecutionOrderSort (0ms)
			DisableScriptedObjects (86ms)
			BackupInstance (0ms)
			ReleaseScriptingObjects (0ms)
			CreateAndSetChildDomain (524ms)
		EndReloadAssembly (2625ms)
			LoadAssemblies (1020ms)
			RebuildTransferFunctionScriptingTraits (0ms)
			SetupTypeCache (596ms)
			ReleaseScriptCaches (3ms)
			RebuildScriptCaches (70ms)
			SetupLoadedEditorAssemblies (793ms)
				LogAssemblyErrors (0ms)
				InitializePlatformSupportModulesInManaged (13ms)
				SetLoadedEditorAssemblies (1ms)
				RefreshPlugins (1ms)
				BeforeProcessingInitializeOnLoad (153ms)
				ProcessInitializeOnLoadAttributes (612ms)
				ProcessInitializeOnLoadMethodAttributes (8ms)
				AfterProcessingInitializeOnLoad (4ms)
				EditorAssembliesLoaded (0ms)
			ExecutionOrderSort2 (0ms)
			AwakeInstancesAfterBackupRestoration (21ms)
Platform modules already initialized, skipping
Refreshing native plugins compatible for Editor in 1.62 ms, found 3 plugins.
Preloading 0 native plugins for Editor in 0.00 ms.
Unloading 2101 Unused Serialized files (Serialized files now loaded: 0)
System memory in use before: 116.8 MB.
System memory in use after: 116.8 MB.

Unloading 20 unused Assets to reduce memory usage. Loaded Objects now: 2633.
Total: 6.601400 ms (FindLiveObjects: 0.896500 ms CreateObjectMapping: 0.169800 ms MarkObjects: 5.338700 ms  DeleteObjects: 0.193000 ms)

AssetImportParameters requested are different than current active one (requested -> active):
  custom:framework-win-MediaFoundation: 216162199b28c13a410421893ffa2e32 -> 
  custom:video-decoder-ogg-theora: a1e56fd34408186e4bbccfd4996cb3dc -> 
  custom:container-muxer-webm: aa71ff27fc2769a1b78a27578f13a17b -> 
  custom:container-demuxer-webm: 4f35f7cbe854078d1ac9338744f61a02 -> 
  custom:container-demuxer-ogg: 62fdf1f143b41e24485cea50d1cbac27 -> 
  custom:video-encoder-webm-vp8: eb34c28f22e8b96e1ab97ce403110664 -> 
  custom:video-decoder-webm-vp8: 9c59270c3fd7afecdb556c50c9e8de78 -> 
  custom:audio-decoder-ogg-vorbis: bf7c407c2cedff20999df2af8eb42d56 -> 
  custom:audio-encoder-webm-vorbis: bf7c407c2cedff20999df2af8eb42d56 -> 
AssetImportWorkerClient::OnTransportError - code=2 error=End of file
