Using pre-set license
Built from '2020.3/release' branch; Version is '2020.3.15f2 (6cf78cb77498) revision 7141260'; Using compiler version '192528614'; Build Type 'Release'
OS: 'Windows 10 Home Single Language; OS build 19042.1466; Version 2009; 64bit' Language: 'pt' Physical Memory: 4006 MB
BatchMode: 1, IsHumanControllingUs: 0, StartBugReporterOnCrash: 0, Is64bit: 1, IsPro: 0

 COMMAND LINE ARGUMENTS:
D:\Arquivos de Programas\Unity\2020.3.15f2\Editor\Unity.exe
-adb2
-batchMode
-noUpm
-name
AssetImportWorker3
-projectPath
D:/Meus Arquivos/Documents/Study/UFRJ/TCC/Github/simulation-2/simulation-2/Sims2
-logFile
Logs/AssetImportWorker3.log
-srvPort
52082
Successfully changed project path to: D:/Meus Arquivos/Documents/Study/UFRJ/TCC/Github/simulation-2/simulation-2/Sims2
D:/Meus Arquivos/Documents/Study/UFRJ/TCC/Github/simulation-2/simulation-2/Sims2
Using Asset Import Pipeline V2.
Refreshing native plugins compatible for Editor in 151.70 ms, found 3 plugins.
Preloading 0 native plugins for Editor in 0.00 ms.
Initialize engine version: 2020.3.15f2 (6cf78cb77498)
[Subsystems] Discovering subsystems at path D:/Arquivos de Programas/Unity/2020.3.15f2/Editor/Data/Resources/UnitySubsystems
[Subsystems] Discovering subsystems at path D:/Meus Arquivos/Documents/Study/UFRJ/TCC/Github/simulation-2/simulation-2/Sims2/Assets
GfxDevice: creating device client; threaded=0
Direct3D:
    Version:  Direct3D 11.0 [level 11.1]
    Renderer: Intel(R) HD Graphics 5500 (ID=0x1616)
    Vendor:   
    VRAM:     2003 MB
    Driver:   20.19.15.4835
Initialize mono
Mono path[0] = 'D:/Arquivos de Programas/Unity/2020.3.15f2/Editor/Data/Managed'
Mono path[1] = 'D:/Arquivos de Programas/Unity/2020.3.15f2/Editor/Data/MonoBleedingEdge/lib/mono/unityjit'
Mono config path = 'D:/Arquivos de Programas/Unity/2020.3.15f2/Editor/Data/MonoBleedingEdge/etc'
Using monoOptions --debugger-agent=transport=dt_socket,embedding=1,server=y,suspend=n,address=127.0.0.1:56192
Begin MonoManager ReloadAssembly
Registering precompiled unity dll's ...
Register platform support module: D:/Arquivos de Programas/Unity/2020.3.15f2/Editor/Data/PlaybackEngines/WebGLSupport/UnityEditor.WebGL.Extensions.dll
Register platform support module: D:/Arquivos de Programas/Unity/2020.3.15f2/Editor/Data/PlaybackEngines/WindowsStandaloneSupport/UnityEditor.WindowsStandalone.Extensions.dll
Registered in 0.001950 seconds.
Native extension for WindowsStandalone target not found
Native extension for WebGL target not found
Refreshing native plugins compatible for Editor in 89.73 ms, found 3 plugins.
Preloading 0 native plugins for Editor in 0.00 ms.
Mono: successfully reloaded assembly
- Completed reload, in  3.094 seconds
Domain Reload Profiling:
	ReloadAssembly (3095ms)
		BeginReloadAssembly (99ms)
			ExecutionOrderSort (0ms)
			DisableScriptedObjects (0ms)
			BackupInstance (0ms)
			ReleaseScriptingObjects (0ms)
			CreateAndSetChildDomain (1ms)
		EndReloadAssembly (741ms)
			LoadAssemblies (98ms)
			RebuildTransferFunctionScriptingTraits (0ms)
			SetupTypeCache (233ms)
			ReleaseScriptCaches (0ms)
			RebuildScriptCaches (88ms)
			SetupLoadedEditorAssemblies (294ms)
				LogAssemblyErrors (0ms)
				InitializePlatformSupportModulesInManaged (10ms)
				SetLoadedEditorAssemblies (1ms)
				RefreshPlugins (90ms)
				BeforeProcessingInitializeOnLoad (20ms)
				ProcessInitializeOnLoadAttributes (127ms)
				ProcessInitializeOnLoadMethodAttributes (46ms)
				AfterProcessingInitializeOnLoad (0ms)
				EditorAssembliesLoaded (0ms)
			ExecutionOrderSort2 (0ms)
			AwakeInstancesAfterBackupRestoration (0ms)
Platform modules already initialized, skipping
Registering precompiled user dll's ...
Registered in 0.009309 seconds.
Begin MonoManager ReloadAssembly
Native extension for WindowsStandalone target not found
Native extension for WebGL target not found
Refreshing native plugins compatible for Editor in 141.04 ms, found 3 plugins.
Preloading 0 native plugins for Editor in 0.00 ms.
Mono: successfully reloaded assembly
- Completed reload, in  6.715 seconds
Domain Reload Profiling:
	ReloadAssembly (6771ms)
		BeginReloadAssembly (590ms)
			ExecutionOrderSort (6ms)
			DisableScriptedObjects (11ms)
			BackupInstance (0ms)
			ReleaseScriptingObjects (0ms)
			CreateAndSetChildDomain (88ms)
		EndReloadAssembly (5939ms)
			LoadAssemblies (833ms)
			RebuildTransferFunctionScriptingTraits (0ms)
			SetupTypeCache (1635ms)
			ReleaseScriptCaches (2ms)
			RebuildScriptCaches (150ms)
			SetupLoadedEditorAssemblies (2821ms)
				LogAssemblyErrors (0ms)
				InitializePlatformSupportModulesInManaged (16ms)
				SetLoadedEditorAssemblies (0ms)
				RefreshPlugins (141ms)
				BeforeProcessingInitializeOnLoad (713ms)
				ProcessInitializeOnLoadAttributes (1820ms)
				ProcessInitializeOnLoadMethodAttributes (115ms)
				AfterProcessingInitializeOnLoad (15ms)
				EditorAssembliesLoaded (1ms)
			ExecutionOrderSort2 (0ms)
			AwakeInstancesAfterBackupRestoration (28ms)
Platform modules already initialized, skipping
========================================================================
Worker process is ready to serve import requests
Launched and connected shader compiler UnityShaderCompiler.exe after 0.69 seconds
Refreshing native plugins compatible for Editor in 1.59 ms, found 3 plugins.
Preloading 0 native plugins for Editor in 0.00 ms.
Unloading 2112 Unused Serialized files (Serialized files now loaded: 0)
System memory in use before: 114.1 MB.
System memory in use after: 114.2 MB.

Unloading 31 unused Assets to reduce memory usage. Loaded Objects now: 2588.
Total: 114.444700 ms (FindLiveObjects: 0.355700 ms CreateObjectMapping: 0.155100 ms MarkObjects: 108.475000 ms  DeleteObjects: 5.453600 ms)

AssetImportParameters requested are different than current active one (requested -> active):
  custom:framework-win-MediaFoundation: 216162199b28c13a410421893ffa2e32 -> 
  custom:video-decoder-ogg-theora: a1e56fd34408186e4bbccfd4996cb3dc -> 
  custom:container-muxer-webm: aa71ff27fc2769a1b78a27578f13a17b -> 
  custom:container-demuxer-webm: 4f35f7cbe854078d1ac9338744f61a02 -> 
  custom:container-demuxer-ogg: 62fdf1f143b41e24485cea50d1cbac27 -> 
  custom:video-encoder-webm-vp8: eb34c28f22e8b96e1ab97ce403110664 -> 
  custom:video-decoder-webm-vp8: 9c59270c3fd7afecdb556c50c9e8de78 -> 
  custom:audio-decoder-ogg-vorbis: bf7c407c2cedff20999df2af8eb42d56 -> 
  custom:audio-encoder-webm-vorbis: bf7c407c2cedff20999df2af8eb42d56 -> 
========================================================================
Received Import Request.
  path: Assets/Resources/3D Models/Vegetation/Jonathan Foust/Materials/Blood Chute Material.mat
  artifactKey: Guid(58ce61b5ce4769045bb1609949644b4a) Importer(815301076,1909f56bfc062723c751e8b465ee728b)
Start importing Assets/Resources/3D Models/Vegetation/Jonathan Foust/Materials/Blood Chute Material.mat using Guid(58ce61b5ce4769045bb1609949644b4a) Importer(815301076,1909f56bfc062723c751e8b465ee728b)  -> (artifact id: '6a32df17634175c269cbe307848c4e9e') in 1.888412 seconds 
  Import took 1.940287 seconds .

========================================================================
Received Import Request.
  Time since last request: 0.010832 seconds.
  path: Assets/Resources/3D Models/Aquário/Layers/FUNDO.obj
  artifactKey: Guid(f82b117ba87d5eb45af725ec1298609d) Importer(815301076,1909f56bfc062723c751e8b465ee728b)
Start importing Assets/Resources/3D Models/Aquário/Layers/FUNDO.obj using Guid(f82b117ba87d5eb45af725ec1298609d) Importer(815301076,1909f56bfc062723c751e8b465ee728b)  -> (artifact id: '6486b419f1c6c85e2e16b2a162e2635d') in 1.035710 seconds 
  Import took 1.084470 seconds .

========================================================================
Received Import Request.
  Time since last request: 0.010712 seconds.
  path: Assets/Resources/3D Models/Aquário/Layers/MEIO.obj
  artifactKey: Guid(fcbf0266f95914a4ea2cb2d9319c2c76) Importer(815301076,1909f56bfc062723c751e8b465ee728b)
Start importing Assets/Resources/3D Models/Aquário/Layers/MEIO.obj using Guid(fcbf0266f95914a4ea2cb2d9319c2c76) Importer(815301076,1909f56bfc062723c751e8b465ee728b)  -> (artifact id: 'a4a8dd34c27b05019a888cfc2b0b95e5') in 0.207318 seconds 
  Import took 0.250406 seconds .

========================================================================
Received Import Request.
  Time since last request: 0.001708 seconds.
  path: Assets/Resources/3D Models/Vegetation/YughuesFreeBushes2018/Meshes/OLD/bush_04.obj
  artifactKey: Guid(fa75c78e130ad4c4899a874e0daff72d) Importer(815301076,1909f56bfc062723c751e8b465ee728b)
Start importing Assets/Resources/3D Models/Vegetation/YughuesFreeBushes2018/Meshes/OLD/bush_04.obj using Guid(fa75c78e130ad4c4899a874e0daff72d) Importer(815301076,1909f56bfc062723c751e8b465ee728b)  -> (artifact id: '8d95e1e59eec122fa670791ce9ff6641') in 0.206546 seconds 
  Import took 0.238223 seconds .

========================================================================
Received Import Request.
  Time since last request: 0.001865 seconds.
  path: Assets/Resources/3D Models/Vegetation/YughuesFreeBushes2018/Meshes/OLD/bush_01.obj
  artifactKey: Guid(efdc2f0914206bb4eb98f617f4ae452c) Importer(815301076,1909f56bfc062723c751e8b465ee728b)
Start importing Assets/Resources/3D Models/Vegetation/YughuesFreeBushes2018/Meshes/OLD/bush_01.obj using Guid(efdc2f0914206bb4eb98f617f4ae452c) Importer(815301076,1909f56bfc062723c751e8b465ee728b)  -> (artifact id: '0194ccf14b9f2151275dbe6eabeb642e') in 0.176195 seconds 
  Import took 0.239014 seconds .

========================================================================
Received Import Request.
  Time since last request: 0.010644 seconds.
  path: Assets/Resources/3D Models/Aquário V2/Untitled Scene.fbx
  artifactKey: Guid(dd6ec48a0539790428476dbe67781aab) Importer(815301076,1909f56bfc062723c751e8b465ee728b)
Start importing Assets/Resources/3D Models/Aquário V2/Untitled Scene.fbx using Guid(dd6ec48a0539790428476dbe67781aab) Importer(815301076,1909f56bfc062723c751e8b465ee728b)  -> (artifact id: '224cd020d959e162514f8b94d578835f') in 0.364097 seconds 
  Import took 0.403855 seconds .

========================================================================
Received Import Request.
  Time since last request: 0.000892 seconds.
  path: Assets/Resources/3D Models/Vegetation/Jonathan Foust/Demo Scene Assets/Materials/Bridge Railing.mat
  artifactKey: Guid(da62faebe0fb0e24ba741c0d0a644159) Importer(815301076,1909f56bfc062723c751e8b465ee728b)
Start importing Assets/Resources/3D Models/Vegetation/Jonathan Foust/Demo Scene Assets/Materials/Bridge Railing.mat using Guid(da62faebe0fb0e24ba741c0d0a644159) Importer(815301076,1909f56bfc062723c751e8b465ee728b)  -> (artifact id: '88e5339d65e8e40ed8784470b990885f') in 0.272735 seconds 
  Import took 0.299115 seconds .

========================================================================
Received Import Request.
  Time since last request: 0.001738 seconds.
  path: Assets/Resources/3D Models/Aquário/Layers/TOPO_V2.obj
  artifactKey: Guid(761feef8feaac6b4891e764e307bf700) Importer(815301076,1909f56bfc062723c751e8b465ee728b)
Start importing Assets/Resources/3D Models/Aquário/Layers/TOPO_V2.obj using Guid(761feef8feaac6b4891e764e307bf700) Importer(815301076,1909f56bfc062723c751e8b465ee728b)  -> (artifact id: '370871a9b69e1db28f170e9f9df562bf') in 0.149665 seconds 
  Import took 0.177717 seconds .

========================================================================
Received Import Request.
  Time since last request: 0.000429 seconds.
  path: Assets/Resources/3D Models/Vegetation/YughuesFreeBushes2018/Meshes/OLD/bush_03.obj
  artifactKey: Guid(622cd4aba51b9004bafb09b503395868) Importer(815301076,1909f56bfc062723c751e8b465ee728b)
Start importing Assets/Resources/3D Models/Vegetation/YughuesFreeBushes2018/Meshes/OLD/bush_03.obj using Guid(622cd4aba51b9004bafb09b503395868) Importer(815301076,1909f56bfc062723c751e8b465ee728b)  -> (artifact id: '1d13df6a9a90b356851f0e39276aebee') in 0.193057 seconds 
  Import took 0.227112 seconds .

========================================================================
Received Import Request.
  Time since last request: 0.001071 seconds.
  path: Assets/Resources/3D Models/Aquário/Layers/SoilLayer.obj
  artifactKey: Guid(4b5d50a71d27db84ca93fddf8b7df491) Importer(815301076,1909f56bfc062723c751e8b465ee728b)
Start importing Assets/Resources/3D Models/Aquário/Layers/SoilLayer.obj using Guid(4b5d50a71d27db84ca93fddf8b7df491) Importer(815301076,1909f56bfc062723c751e8b465ee728b)  -> (artifact id: '157597a2edf5fd9f57d18731e8783d99') in 0.178229 seconds 
  Import took 0.215781 seconds .

========================================================================
Received Import Request.
  Time since last request: 0.001364 seconds.
  path: Assets/Resources/3D Models/Vegetation/Jonathan Foust/Demo Scene Assets/Materials/Bridge.mat
  artifactKey: Guid(afc0113193a84444cad7e82fb9627bed) Importer(815301076,1909f56bfc062723c751e8b465ee728b)
Start importing Assets/Resources/3D Models/Vegetation/Jonathan Foust/Demo Scene Assets/Materials/Bridge.mat using Guid(afc0113193a84444cad7e82fb9627bed) Importer(815301076,1909f56bfc062723c751e8b465ee728b)  -> (artifact id: '7eb852cb36106dfba956625f69bc6fd3') in 0.308508 seconds 
  Import took 0.336896 seconds .

========================================================================
Received Import Request.
  Time since last request: 0.000908 seconds.
  path: Assets/Resources/3D Models/Vegetation/Bush/boxwood_plant.obj
  artifactKey: Guid(efb757cc25996914c9f669554df966e6) Importer(815301076,1909f56bfc062723c751e8b465ee728b)
Start importing Assets/Resources/3D Models/Vegetation/Bush/boxwood_plant.obj using Guid(efb757cc25996914c9f669554df966e6) Importer(815301076,1909f56bfc062723c751e8b465ee728b)  -> (artifact id: '3e00eeccc9e8be6afeabff8b10bf8711') in 0.937416 seconds 
  Import took 0.979623 seconds .

========================================================================
Received Import Request.
  Time since last request: 0.000357 seconds.
  path: Assets/Resources/3D Models/Vegetation/YughuesFreeBushes2018/Meshes/OLD/bush_02.obj
  artifactKey: Guid(dbebbdf1ef216c44e98b2b840fa280c7) Importer(815301076,1909f56bfc062723c751e8b465ee728b)
Start importing Assets/Resources/3D Models/Vegetation/YughuesFreeBushes2018/Meshes/OLD/bush_02.obj using Guid(dbebbdf1ef216c44e98b2b840fa280c7) Importer(815301076,1909f56bfc062723c751e8b465ee728b)  -> (artifact id: '96ab7ebefb553502655ba86550e63fef') in 0.379250 seconds 
  Import took 0.450866 seconds .

========================================================================
Received Prepare
Registering precompiled user dll's ...
Registered in 0.128782 seconds.
Begin MonoManager ReloadAssembly
Native extension for WindowsStandalone target not found
Native extension for WebGL target not found
Refreshing native plugins compatible for Editor in 1.96 ms, found 3 plugins.
Preloading 0 native plugins for Editor in 0.00 ms.
Mono: successfully reloaded assembly
- Completed reload, in  4.367 seconds
Domain Reload Profiling:
	ReloadAssembly (4371ms)
		BeginReloadAssembly (331ms)
			ExecutionOrderSort (0ms)
			DisableScriptedObjects (29ms)
			BackupInstance (0ms)
			ReleaseScriptingObjects (1ms)
			CreateAndSetChildDomain (119ms)
		EndReloadAssembly (3856ms)
			LoadAssemblies (856ms)
			RebuildTransferFunctionScriptingTraits (0ms)
			SetupTypeCache (860ms)
			ReleaseScriptCaches (2ms)
			RebuildScriptCaches (180ms)
			SetupLoadedEditorAssemblies (1604ms)
				LogAssemblyErrors (0ms)
				InitializePlatformSupportModulesInManaged (23ms)
				SetLoadedEditorAssemblies (2ms)
				RefreshPlugins (2ms)
				BeforeProcessingInitializeOnLoad (419ms)
				ProcessInitializeOnLoadAttributes (1119ms)
				ProcessInitializeOnLoadMethodAttributes (23ms)
				AfterProcessingInitializeOnLoad (15ms)
				EditorAssembliesLoaded (1ms)
			ExecutionOrderSort2 (0ms)
			AwakeInstancesAfterBackupRestoration (38ms)
Platform modules already initialized, skipping
Refreshing native plugins compatible for Editor in 2.04 ms, found 3 plugins.
Preloading 0 native plugins for Editor in 0.00 ms.
Unloading 2101 Unused Serialized files (Serialized files now loaded: 0)
System memory in use before: 116.9 MB.
System memory in use after: 116.9 MB.

Unloading 20 unused Assets to reduce memory usage. Loaded Objects now: 2635.
Total: 6.352000 ms (FindLiveObjects: 0.498300 ms CreateObjectMapping: 0.206700 ms MarkObjects: 5.348900 ms  DeleteObjects: 0.293900 ms)

AssetImportParameters requested are different than current active one (requested -> active):
  custom:framework-win-MediaFoundation: 216162199b28c13a410421893ffa2e32 -> 
  custom:video-decoder-ogg-theora: a1e56fd34408186e4bbccfd4996cb3dc -> 
  custom:container-muxer-webm: aa71ff27fc2769a1b78a27578f13a17b -> 
  custom:container-demuxer-webm: 4f35f7cbe854078d1ac9338744f61a02 -> 
  custom:container-demuxer-ogg: 62fdf1f143b41e24485cea50d1cbac27 -> 
  custom:video-encoder-webm-vp8: eb34c28f22e8b96e1ab97ce403110664 -> 
  custom:video-decoder-webm-vp8: 9c59270c3fd7afecdb556c50c9e8de78 -> 
  custom:audio-decoder-ogg-vorbis: bf7c407c2cedff20999df2af8eb42d56 -> 
  custom:audio-encoder-webm-vorbis: bf7c407c2cedff20999df2af8eb42d56 -> 
AssetImportWorkerClient::OnTransportError - code=2 error=End of file
