Using pre-set license
Built from '2020.3/release' branch; Version is '2020.3.15f2 (6cf78cb77498) revision 7141260'; Using compiler version '192528614'; Build Type 'Release'
OS: 'Windows 10 Pro; OS build 19043.1466; Version 2009; 64bit' Language: 'pt' Physical Memory: 16314 MB
BatchMode: 1, IsHumanControllingUs: 0, StartBugReporterOnCrash: 0, Is64bit: 1, IsPro: 0

 COMMAND LINE ARGUMENTS:
D:\Program Files (x86)\Unity\2020.3.15f2\Editor\Unity.exe
-adb2
-batchMode
-noUpm
-name
AssetImportWorker0
-projectPath
C:/Users/Rafael/source/repos/GitHub/simulation-2/Sims2
-logFile
Logs/AssetImportWorker0.log
-srvPort
50945
Successfully changed project path to: C:/Users/Rafael/source/repos/GitHub/simulation-2/Sims2
C:/Users/Rafael/source/repos/GitHub/simulation-2/Sims2
Using Asset Import Pipeline V2.
Refreshing native plugins compatible for Editor in 51.98 ms, found 3 plugins.
Preloading 0 native plugins for Editor in 0.00 ms.
Initialize engine version: 2020.3.15f2 (6cf78cb77498)
[Subsystems] Discovering subsystems at path D:/Program Files (x86)/Unity/2020.3.15f2/Editor/Data/Resources/UnitySubsystems
[Subsystems] Discovering subsystems at path C:/Users/Rafael/source/repos/GitHub/simulation-2/Sims2/Assets
GfxDevice: creating device client; threaded=0
Direct3D:
    Version:  Direct3D 11.0 [level 11.1]
    Renderer: NVIDIA GeForce GTX 1060 6GB (ID=0x1c03)
    Vendor:   
    VRAM:     6052 MB
    Driver:   27.21.14.5671
Initialize mono
Mono path[0] = 'D:/Program Files (x86)/Unity/2020.3.15f2/Editor/Data/Managed'
Mono path[1] = 'D:/Program Files (x86)/Unity/2020.3.15f2/Editor/Data/MonoBleedingEdge/lib/mono/unityjit'
Mono config path = 'D:/Program Files (x86)/Unity/2020.3.15f2/Editor/Data/MonoBleedingEdge/etc'
Using monoOptions --debugger-agent=transport=dt_socket,embedding=1,server=y,suspend=n,address=127.0.0.1:56872
Begin MonoManager ReloadAssembly
Registering precompiled unity dll's ...
Register platform support module: D:/Program Files (x86)/Unity/2020.3.15f2/Editor/Data/PlaybackEngines/WebGLSupport/UnityEditor.WebGL.Extensions.dll
Register platform support module: D:/Program Files (x86)/Unity/2020.3.15f2/Editor/Data/PlaybackEngines/WindowsStandaloneSupport/UnityEditor.WindowsStandalone.Extensions.dll
Registered in 0.000996 seconds.
Native extension for WindowsStandalone target not found
Native extension for WebGL target not found
Refreshing native plugins compatible for Editor in 48.92 ms, found 3 plugins.
Preloading 0 native plugins for Editor in 0.00 ms.
Mono: successfully reloaded assembly
- Completed reload, in  1.264 seconds
Domain Reload Profiling:
	ReloadAssembly (1264ms)
		BeginReloadAssembly (41ms)
			ExecutionOrderSort (0ms)
			DisableScriptedObjects (0ms)
			BackupInstance (0ms)
			ReleaseScriptingObjects (0ms)
			CreateAndSetChildDomain (1ms)
		EndReloadAssembly (373ms)
			LoadAssemblies (40ms)
			RebuildTransferFunctionScriptingTraits (0ms)
			SetupTypeCache (140ms)
			ReleaseScriptCaches (0ms)
			RebuildScriptCaches (26ms)
			SetupLoadedEditorAssemblies (152ms)
				LogAssemblyErrors (0ms)
				InitializePlatformSupportModulesInManaged (3ms)
				SetLoadedEditorAssemblies (0ms)
				RefreshPlugins (49ms)
				BeforeProcessingInitializeOnLoad (11ms)
				ProcessInitializeOnLoadAttributes (66ms)
				ProcessInitializeOnLoadMethodAttributes (22ms)
				AfterProcessingInitializeOnLoad (0ms)
				EditorAssembliesLoaded (0ms)
			ExecutionOrderSort2 (0ms)
			AwakeInstancesAfterBackupRestoration (0ms)
Platform modules already initialized, skipping
Registering precompiled user dll's ...
Registered in 0.003802 seconds.
Begin MonoManager ReloadAssembly
Native extension for WindowsStandalone target not found
Native extension for WebGL target not found
Refreshing native plugins compatible for Editor in 41.04 ms, found 3 plugins.
Preloading 0 native plugins for Editor in 0.00 ms.
Mono: successfully reloaded assembly
- Completed reload, in  1.032 seconds
Domain Reload Profiling:
	ReloadAssembly (1032ms)
		BeginReloadAssembly (138ms)
			ExecutionOrderSort (0ms)
			DisableScriptedObjects (4ms)
			BackupInstance (0ms)
			ReleaseScriptingObjects (0ms)
			CreateAndSetChildDomain (15ms)
		EndReloadAssembly (838ms)
			LoadAssemblies (76ms)
			RebuildTransferFunctionScriptingTraits (0ms)
			SetupTypeCache (251ms)
			ReleaseScriptCaches (0ms)
			RebuildScriptCaches (42ms)
			SetupLoadedEditorAssemblies (364ms)
				LogAssemblyErrors (0ms)
				InitializePlatformSupportModulesInManaged (3ms)
				SetLoadedEditorAssemblies (0ms)
				RefreshPlugins (41ms)
				BeforeProcessingInitializeOnLoad (74ms)
				ProcessInitializeOnLoadAttributes (234ms)
				ProcessInitializeOnLoadMethodAttributes (10ms)
				AfterProcessingInitializeOnLoad (2ms)
				EditorAssembliesLoaded (0ms)
			ExecutionOrderSort2 (0ms)
			AwakeInstancesAfterBackupRestoration (5ms)
Platform modules already initialized, skipping
========================================================================
Worker process is ready to serve import requests
Launched and connected shader compiler UnityShaderCompiler.exe after 0.22 seconds
Refreshing native plugins compatible for Editor in 0.44 ms, found 3 plugins.
Preloading 0 native plugins for Editor in 0.00 ms.
Unloading 2113 Unused Serialized files (Serialized files now loaded: 0)
System memory in use before: 113.6 MB.
System memory in use after: 113.6 MB.

Unloading 31 unused Assets to reduce memory usage. Loaded Objects now: 2589.
Total: 2.061900 ms (FindLiveObjects: 0.181100 ms CreateObjectMapping: 0.077500 ms MarkObjects: 1.694500 ms  DeleteObjects: 0.107800 ms)

AssetImportParameters requested are different than current active one (requested -> active):
  custom:framework-win-MediaFoundation: 216162199b28c13a410421893ffa2e32 -> 
  custom:video-decoder-ogg-theora: a1e56fd34408186e4bbccfd4996cb3dc -> 
  custom:container-muxer-webm: aa71ff27fc2769a1b78a27578f13a17b -> 
  custom:container-demuxer-webm: 4f35f7cbe854078d1ac9338744f61a02 -> 
  custom:container-demuxer-ogg: 62fdf1f143b41e24485cea50d1cbac27 -> 
  custom:video-encoder-webm-vp8: eb34c28f22e8b96e1ab97ce403110664 -> 
  custom:video-codec-MediaFoundation-h265: 746d11721c4dcdbdad8f713fa42b33f4 -> 
  custom:video-decoder-webm-vp8: 9c59270c3fd7afecdb556c50c9e8de78 -> 
  custom:audio-decoder-ogg-vorbis: bf7c407c2cedff20999df2af8eb42d56 -> 
  custom:audio-encoder-webm-vorbis: bf7c407c2cedff20999df2af8eb42d56 -> 
========================================================================
Received Import Request.
  path: Assets/Data/soilData.json
  artifactKey: Guid(0b49e8d3d8562b64ca2648271692195d) Importer(815301076,1909f56bfc062723c751e8b465ee728b)
Start importing Assets/Data/soilData.json using Guid(0b49e8d3d8562b64ca2648271692195d) Importer(815301076,1909f56bfc062723c751e8b465ee728b)  -> (artifact id: '01129c116718b1e532940615a61a8ca6') in 0.057215 seconds 
  Import took 0.059849 seconds .

========================================================================
Received Prepare
Registering precompiled user dll's ...
Registered in 0.005553 seconds.
Begin MonoManager ReloadAssembly
Native extension for WindowsStandalone target not found
Native extension for WebGL target not found
Refreshing native plugins compatible for Editor in 0.48 ms, found 3 plugins.
Preloading 0 native plugins for Editor in 0.00 ms.
Mono: successfully reloaded assembly
- Completed reload, in  1.158 seconds
Domain Reload Profiling:
	ReloadAssembly (1158ms)
		BeginReloadAssembly (110ms)
			ExecutionOrderSort (0ms)
			DisableScriptedObjects (6ms)
			BackupInstance (0ms)
			ReleaseScriptingObjects (0ms)
			CreateAndSetChildDomain (38ms)
		EndReloadAssembly (981ms)
			LoadAssemblies (90ms)
			RebuildTransferFunctionScriptingTraits (0ms)
			SetupTypeCache (317ms)
			ReleaseScriptCaches (1ms)
			RebuildScriptCaches (43ms)
			SetupLoadedEditorAssemblies (414ms)
				LogAssemblyErrors (0ms)
				InitializePlatformSupportModulesInManaged (5ms)
				SetLoadedEditorAssemblies (0ms)
				RefreshPlugins (1ms)
				BeforeProcessingInitializeOnLoad (112ms)
				ProcessInitializeOnLoadAttributes (289ms)
				ProcessInitializeOnLoadMethodAttributes (5ms)
				AfterProcessingInitializeOnLoad (3ms)
				EditorAssembliesLoaded (0ms)
			ExecutionOrderSort2 (0ms)
			AwakeInstancesAfterBackupRestoration (8ms)
Platform modules already initialized, skipping
Refreshing native plugins compatible for Editor in 0.50 ms, found 3 plugins.
Preloading 0 native plugins for Editor in 0.00 ms.
Unloading 2102 Unused Serialized files (Serialized files now loaded: 0)
System memory in use before: 113.0 MB.
System memory in use after: 113.0 MB.

Unloading 20 unused Assets to reduce memory usage. Loaded Objects now: 2593.
Total: 2.190100 ms (FindLiveObjects: 0.173900 ms CreateObjectMapping: 0.068500 ms MarkObjects: 1.848900 ms  DeleteObjects: 0.097700 ms)

AssetImportParameters requested are different than current active one (requested -> active):
  custom:framework-win-MediaFoundation: 216162199b28c13a410421893ffa2e32 -> 
  custom:video-decoder-ogg-theora: a1e56fd34408186e4bbccfd4996cb3dc -> 
  custom:container-muxer-webm: aa71ff27fc2769a1b78a27578f13a17b -> 
  custom:container-demuxer-webm: 4f35f7cbe854078d1ac9338744f61a02 -> 
  custom:container-demuxer-ogg: 62fdf1f143b41e24485cea50d1cbac27 -> 
  custom:video-encoder-webm-vp8: eb34c28f22e8b96e1ab97ce403110664 -> 
  custom:video-codec-MediaFoundation-h265: 746d11721c4dcdbdad8f713fa42b33f4 -> 
  custom:video-decoder-webm-vp8: 9c59270c3fd7afecdb556c50c9e8de78 -> 
  custom:audio-decoder-ogg-vorbis: bf7c407c2cedff20999df2af8eb42d56 -> 
  custom:audio-encoder-webm-vorbis: bf7c407c2cedff20999df2af8eb42d56 -> 
========================================================================
Received Import Request.
  Time since last request: 1896.353004 seconds.
  path: Assets/Data/plantsData.json
  artifactKey: Guid(826be020a2c4b254da01269e0cf87b72) Importer(815301076,1909f56bfc062723c751e8b465ee728b)
Start importing Assets/Data/plantsData.json using Guid(826be020a2c4b254da01269e0cf87b72) Importer(815301076,1909f56bfc062723c751e8b465ee728b)  -> (artifact id: '02ee5455419d462bc5a3c7015a96577d') in 0.034624 seconds 
  Import took 0.038697 seconds .

========================================================================
Received Import Request.
  Time since last request: 105.757075 seconds.
  path: Assets/Data/plantsData.json
  artifactKey: Guid(826be020a2c4b254da01269e0cf87b72) Importer(815301076,1909f56bfc062723c751e8b465ee728b)
Start importing Assets/Data/plantsData.json using Guid(826be020a2c4b254da01269e0cf87b72) Importer(815301076,1909f56bfc062723c751e8b465ee728b)  -> (artifact id: 'd118abafa3e63d46704c7a4bcee64216') in 0.023703 seconds 
  Import took 0.028537 seconds .

========================================================================
Received Import Request.
  Time since last request: 2.736822 seconds.
  path: Assets/Data/grassData.json
  artifactKey: Guid(9a132d11ac7e61140919329536551862) Importer(815301076,1909f56bfc062723c751e8b465ee728b)
Start importing Assets/Data/grassData.json using Guid(9a132d11ac7e61140919329536551862) Importer(815301076,1909f56bfc062723c751e8b465ee728b)  -> (artifact id: '5a3f387e80beccb26face5c4ecf65fa8') in 0.027174 seconds 
  Import took 0.044665 seconds .

========================================================================
Received Import Request.
  Time since last request: 52.032032 seconds.
  path: Assets/Data/animalsData.json
  artifactKey: Guid(aabf69cfbaed6e0489ee1caf53ba27dc) Importer(815301076,1909f56bfc062723c751e8b465ee728b)
Start importing Assets/Data/animalsData.json using Guid(aabf69cfbaed6e0489ee1caf53ba27dc) Importer(815301076,1909f56bfc062723c751e8b465ee728b)  -> (artifact id: '047552361b8eec047b2b91ca2ea59666') in 0.025132 seconds 
  Import took 0.029088 seconds .

========================================================================
Received Import Request.
  Time since last request: 123.135140 seconds.
  path: Assets/Data/animalsData.json
  artifactKey: Guid(aabf69cfbaed6e0489ee1caf53ba27dc) Importer(815301076,1909f56bfc062723c751e8b465ee728b)
Start importing Assets/Data/animalsData.json using Guid(aabf69cfbaed6e0489ee1caf53ba27dc) Importer(815301076,1909f56bfc062723c751e8b465ee728b)  -> (artifact id: '75ee6a9c461899787a51270fa6c417c3') in 0.025168 seconds 
  Import took 0.031018 seconds .

========================================================================
Received Import Request.
  Time since last request: 0.000779 seconds.
  path: Assets/Data/animalsData.json
  artifactKey: Guid(aabf69cfbaed6e0489ee1caf53ba27dc) Importer(815301076,1909f56bfc062723c751e8b465ee728b)
Start importing Assets/Data/animalsData.json using Guid(aabf69cfbaed6e0489ee1caf53ba27dc) Importer(815301076,1909f56bfc062723c751e8b465ee728b)  -> (artifact id: '75ee6a9c461899787a51270fa6c417c3') in 0.025360 seconds 
  Import took 0.029571 seconds .

========================================================================
Received Import Request.
  Time since last request: 83.571440 seconds.
  path: Assets/Data/soilData.json
  artifactKey: Guid(0b49e8d3d8562b64ca2648271692195d) Importer(815301076,1909f56bfc062723c751e8b465ee728b)
Start importing Assets/Data/soilData.json using Guid(0b49e8d3d8562b64ca2648271692195d) Importer(815301076,1909f56bfc062723c751e8b465ee728b)  -> (artifact id: 'd77a3d9f43926c974e7942c25c1c0e5f') in 0.020698 seconds 
  Import took 0.024564 seconds .

========================================================================
Received Import Request.
  Time since last request: 1.811334 seconds.
  path: Assets/Data/filterLayerData.json
  artifactKey: Guid(8079646b76cc7c643be0b07bb720b952) Importer(815301076,1909f56bfc062723c751e8b465ee728b)
Start importing Assets/Data/filterLayerData.json using Guid(8079646b76cc7c643be0b07bb720b952) Importer(815301076,1909f56bfc062723c751e8b465ee728b)  -> (artifact id: '1645e2d873c033ac25517c247f40721c') in 0.028095 seconds 
  Import took 0.031494 seconds .

========================================================================
Received Import Request.
  Time since last request: 210.714876 seconds.
  path: Assets/Data/filterLayerData.json
  artifactKey: Guid(8079646b76cc7c643be0b07bb720b952) Importer(815301076,1909f56bfc062723c751e8b465ee728b)
Start importing Assets/Data/filterLayerData.json using Guid(8079646b76cc7c643be0b07bb720b952) Importer(815301076,1909f56bfc062723c751e8b465ee728b)  -> (artifact id: '949104a0979f58c5e9f6c581debf3b25') in 0.024961 seconds 
  Import took 0.029012 seconds .

========================================================================
Received Import Request.
  Time since last request: 26.142413 seconds.
  path: Assets/Data/gravelData.json
  artifactKey: Guid(313b564f5cc57de438249b86c3d80798) Importer(815301076,1909f56bfc062723c751e8b465ee728b)
Start importing Assets/Data/gravelData.json using Guid(313b564f5cc57de438249b86c3d80798) Importer(815301076,1909f56bfc062723c751e8b465ee728b)  -> (artifact id: '74071cc7355d1a217e0273236d3d4241') in 0.024226 seconds 
  Import took 0.027364 seconds .

========================================================================
Received Import Request.
  Time since last request: 64.587469 seconds.
  path: Assets/Data/gravelData.json
  artifactKey: Guid(313b564f5cc57de438249b86c3d80798) Importer(815301076,1909f56bfc062723c751e8b465ee728b)
Start importing Assets/Data/gravelData.json using Guid(313b564f5cc57de438249b86c3d80798) Importer(815301076,1909f56bfc062723c751e8b465ee728b)  -> (artifact id: '6388e14537d1bd77ca1c55b72b884184') in 0.028483 seconds 
  Import took 0.031973 seconds .

AssetImportWorkerClient::OnTransportError - code=2 error=End of file
